2022-11-02 14:10:19.1977||INFO|Microsoft.Hosting.Lifetime|Now listening on: https://localhost:7053 
2022-11-02 14:10:19.2184||INFO|Microsoft.Hosting.Lifetime|Now listening on: http://localhost:5053 
2022-11-02 14:10:19.2184||INFO|Microsoft.Hosting.Lifetime|Application started. Press Ctrl+C to shut down. 
2022-11-02 14:10:19.2184||INFO|Microsoft.Hosting.Lifetime|Hosting environment: Development 
2022-11-02 14:10:19.2184||INFO|Microsoft.Hosting.Lifetime|Content root path: C:\dev\EPM-Services\src\Api 
2022-11-02 14:10:20.2665||INFO|Microsoft.AspNetCore.Hosting.Diagnostics|Request starting HTTP/2 GET https://localhost:7053/ - - 
2022-11-02 14:10:20.3859||INFO|Microsoft.AspNetCore.ResponseCaching.ResponseCachingMiddleware|No cached response available for this request. 
2022-11-02 14:10:20.4332||INFO|Microsoft.AspNetCore.ResponseCaching.ResponseCachingMiddleware|The response could not be cached for this request. 
2022-11-02 14:10:20.4770||INFO|Microsoft.AspNetCore.Hosting.Diagnostics|Request finished HTTP/2 GET https://localhost:7053/ - - - 404 0 - 211.9223ms 
2022-11-02 14:10:36.6395||INFO|Microsoft.AspNetCore.Hosting.Diagnostics|Request starting HTTP/1.1 POST http://localhost:5053/api/EmailAddresses/Registrations application/json 288 
2022-11-02 14:10:36.6629||INFO|Microsoft.AspNetCore.Hosting.Diagnostics|Request finished HTTP/1.1 POST http://localhost:5053/api/EmailAddresses/Registrations application/json 288 - 307 0 - 23.5435ms 
2022-11-02 14:10:36.7041||INFO|Microsoft.AspNetCore.Hosting.Diagnostics|Request starting HTTP/1.1 POST https://localhost:7053/api/EmailAddresses/Registrations application/json 288 
2022-11-02 14:10:36.7041||INFO|Microsoft.AspNetCore.Routing.EndpointMiddleware|Executing endpoint 'EPMServices.Api.Controllers.EmailAddressesRegistrationsController.Post (Api)' 
2022-11-02 14:10:36.7498||INFO|Microsoft.AspNetCore.Mvc.Infrastructure.ControllerActionInvoker|Route matched with {action = "Post", controller = "EmailAddressesRegistrations"}. Executing controller action with signature System.Threading.Tasks.Task`1[Microsoft.AspNetCore.Mvc.ActionResult`1[EPMServices.Application.Common.Models.ESBMessage]] Post(EPMServices.Application.Common.Models.EmailAddressRegistration.EmailAddressRegistrationRequest) on controller EPMServices.Api.Controllers.EmailAddressesRegistrationsController (Api). 
2022-11-02 14:10:37.1191||INFO|Microsoft.AspNetCore.Mvc.Infrastructure.ControllerActionInvoker|Executing action method EPMServices.Api.Controllers.EmailAddressesRegistrationsController.Post (Api) - Validation state: Invalid 
2022-11-02 14:10:38.5773||WARN|Microsoft.EntityFrameworkCore.Model.Validation|Sensitive data logging is enabled. Log entries and exception messages may include sensitive application data; this mode should only be enabled during development. 
2022-11-02 14:10:42.2794||INFO|Hangfire.SqlServer.SqlServerObjectsInstaller|Start installing Hangfire SQL objects... 
2022-11-02 14:10:42.9236||INFO|Hangfire.SqlServer.SqlServerObjectsInstaller|Hangfire SQL objects installed. 
2022-11-02 14:11:21.3018||INFO|Microsoft.AspNetCore.Mvc.Infrastructure.ControllerActionInvoker|Executed action method EPMServices.Api.Controllers.EmailAddressesRegistrationsController.Post (Api), returned result Microsoft.AspNetCore.Mvc.AcceptedResult in 44174.2199ms. 
2022-11-02 14:11:21.3018||INFO|Microsoft.AspNetCore.Mvc.Infrastructure.ObjectResultExecutor|Executing AcceptedResult, writing value of type 'EPMServices.Application.Common.Models.ESBMessage'. 
2022-11-02 14:11:21.3365||INFO|Microsoft.AspNetCore.Mvc.Infrastructure.ControllerActionInvoker|Executed action EPMServices.Api.Controllers.EmailAddressesRegistrationsController.Post (Api) in 44582.1877ms 
2022-11-02 14:11:21.3365||INFO|Microsoft.AspNetCore.Routing.EndpointMiddleware|Executed endpoint 'EPMServices.Api.Controllers.EmailAddressesRegistrationsController.Post (Api)' 
2022-11-02 14:11:21.3666||INFO|Microsoft.AspNetCore.Hosting.Diagnostics|Request finished HTTP/1.1 POST https://localhost:7053/api/EmailAddresses/Registrations application/json 288 - 202 93 application/json;+charset=utf-8 44660.8942ms 
