2022-11-03 14:50:41.0190||INFO|Microsoft.Hosting.Lifetime|Now listening on: https://localhost:7053 
2022-11-03 14:50:41.0369||INFO|Microsoft.Hosting.Lifetime|Now listening on: http://localhost:5053 
2022-11-03 14:50:41.0369||INFO|Microsoft.Hosting.Lifetime|Application started. Press Ctrl+C to shut down. 
2022-11-03 14:50:41.0369||INFO|Microsoft.Hosting.Lifetime|Hosting environment: Development 
2022-11-03 14:50:41.0369||INFO|Microsoft.Hosting.Lifetime|Content root path: C:\dev\EPM-Services\src\Api 
2022-11-03 14:50:41.5719||INFO|Microsoft.AspNetCore.Hosting.Diagnostics|Request starting HTTP/2 GET https://localhost:7053/ - - 
2022-11-03 14:50:41.6755||INFO|Microsoft.AspNetCore.ResponseCaching.ResponseCachingMiddleware|No cached response available for this request. 
2022-11-03 14:50:41.6755||INFO|Microsoft.AspNetCore.ResponseCaching.ResponseCachingMiddleware|The response could not be cached for this request. 
2022-11-03 14:50:41.7081||INFO|Microsoft.AspNetCore.Hosting.Diagnostics|Request finished HTTP/2 GET https://localhost:7053/ - - - 404 0 - 137.9791ms 
2022-11-03 14:54:14.5850||INFO|Microsoft.AspNetCore.Hosting.Diagnostics|Request starting HTTP/1.1 POST http://localhost:5053/api/EmailAddresses/Registrations application/json 487 
2022-11-03 14:54:14.5961||INFO|Microsoft.AspNetCore.Hosting.Diagnostics|Request finished HTTP/1.1 POST http://localhost:5053/api/EmailAddresses/Registrations application/json 487 - 307 0 - 11.1331ms 
2022-11-03 14:54:14.6157||INFO|Microsoft.AspNetCore.Hosting.Diagnostics|Request starting HTTP/1.1 POST https://localhost:7053/api/EmailAddresses/Registrations application/json 487 
2022-11-03 14:54:14.6157||INFO|Microsoft.AspNetCore.Routing.EndpointMiddleware|Executing endpoint 'EPMServices.Api.Controllers.EmailAddressesRegistrationsController.Post (Api)' 
2022-11-03 14:54:14.6558||INFO|Microsoft.AspNetCore.Mvc.Infrastructure.ControllerActionInvoker|Route matched with {action = "Post", controller = "EmailAddressesRegistrations"}. Executing controller action with signature System.Threading.Tasks.Task`1[Microsoft.AspNetCore.Mvc.ActionResult`1[EPMServices.Application.Common.Models.ESBMessage]] Post(EPMServices.Application.Common.Models.EmailAddressRegistration.EmailAddressRegistrationRequest) on controller EPMServices.Api.Controllers.EmailAddressesRegistrationsController (Api). 
2022-11-03 14:54:16.0375||WARN|Microsoft.EntityFrameworkCore.Model.Validation|Sensitive data logging is enabled. Log entries and exception messages may include sensitive application data; this mode should only be enabled during development. 
2022-11-03 14:54:18.2257||INFO|Hangfire.SqlServer.SqlServerObjectsInstaller|Start installing Hangfire SQL objects... 
2022-11-03 14:54:18.6123||INFO|Hangfire.SqlServer.SqlServerObjectsInstaller|Hangfire SQL objects installed. 
2022-11-03 14:54:19.1379||INFO|Microsoft.AspNetCore.Mvc.Infrastructure.ObjectResultExecutor|Executing AcceptedResult, writing value of type 'EPMServices.Application.Common.Models.ESBMessage'. 
2022-11-03 14:54:19.1600||INFO|Microsoft.AspNetCore.Mvc.Infrastructure.ControllerActionInvoker|Executed action EPMServices.Api.Controllers.EmailAddressesRegistrationsController.Post (Api) in 4501.1049ms 
2022-11-03 14:54:19.1600||INFO|Microsoft.AspNetCore.Routing.EndpointMiddleware|Executed endpoint 'EPMServices.Api.Controllers.EmailAddressesRegistrationsController.Post (Api)' 
2022-11-03 14:54:19.1742||INFO|Microsoft.AspNetCore.Hosting.Diagnostics|Request finished HTTP/1.1 POST https://localhost:7053/api/EmailAddresses/Registrations application/json 487 - 202 93 application/json;+charset=utf-8 4558.0829ms 
2022-11-03 14:54:45.5800||INFO|Microsoft.Hosting.Lifetime|Application is shutting down... 
2022-11-03 15:08:27.2468||INFO|Microsoft.Hosting.Lifetime|Now listening on: https://localhost:7053 
2022-11-03 15:08:27.2662||INFO|Microsoft.Hosting.Lifetime|Now listening on: http://localhost:5053 
2022-11-03 15:08:27.2662||INFO|Microsoft.Hosting.Lifetime|Application started. Press Ctrl+C to shut down. 
2022-11-03 15:08:27.2662||INFO|Microsoft.Hosting.Lifetime|Hosting environment: Development 
2022-11-03 15:08:27.2662||INFO|Microsoft.Hosting.Lifetime|Content root path: C:\dev\EPM-Services\src\Api 
2022-11-03 15:08:27.7176||INFO|Microsoft.AspNetCore.Hosting.Diagnostics|Request starting HTTP/2 GET https://localhost:7053/ - - 
2022-11-03 15:08:27.8062||INFO|Microsoft.AspNetCore.ResponseCaching.ResponseCachingMiddleware|No cached response available for this request. 
2022-11-03 15:08:27.8062||INFO|Microsoft.AspNetCore.ResponseCaching.ResponseCachingMiddleware|The response could not be cached for this request. 
2022-11-03 15:08:27.8320||INFO|Microsoft.AspNetCore.Hosting.Diagnostics|Request finished HTTP/2 GET https://localhost:7053/ - - - 404 0 - 115.5268ms 
2022-11-03 15:08:57.7207||INFO|Microsoft.AspNetCore.Hosting.Diagnostics|Request starting HTTP/1.1 POST http://localhost:5053/api/EmailAddresses/Registrations application/json 487 
2022-11-03 15:08:57.7207||INFO|Microsoft.AspNetCore.Hosting.Diagnostics|Request finished HTTP/1.1 POST http://localhost:5053/api/EmailAddresses/Registrations application/json 487 - 307 0 - 4.8885ms 
2022-11-03 15:08:57.7399||INFO|Microsoft.AspNetCore.Hosting.Diagnostics|Request starting HTTP/1.1 POST https://localhost:7053/api/EmailAddresses/Registrations application/json 487 
2022-11-03 15:08:57.7399||INFO|Microsoft.AspNetCore.Routing.EndpointMiddleware|Executing endpoint 'EPMServices.Api.Controllers.EmailAddressesRegistrationsController.Post (Api)' 
2022-11-03 15:08:57.7802||INFO|Microsoft.AspNetCore.Mvc.Infrastructure.ControllerActionInvoker|Route matched with {action = "Post", controller = "EmailAddressesRegistrations"}. Executing controller action with signature System.Threading.Tasks.Task`1[Microsoft.AspNetCore.Mvc.ActionResult`1[EPMServices.Application.Common.Models.ESBMessage]] Post(EPMServices.Application.Common.Models.EmailAddressRegistration.EmailAddressRegistrationRequest) on controller EPMServices.Api.Controllers.EmailAddressesRegistrationsController (Api). 
2022-11-03 15:08:58.8778||WARN|Microsoft.EntityFrameworkCore.Model.Validation|Sensitive data logging is enabled. Log entries and exception messages may include sensitive application data; this mode should only be enabled during development. 
2022-11-03 15:09:00.2646||INFO|Hangfire.SqlServer.SqlServerObjectsInstaller|Start installing Hangfire SQL objects... 
2022-11-03 15:09:00.6144||INFO|Hangfire.SqlServer.SqlServerObjectsInstaller|Hangfire SQL objects installed. 
2022-11-03 15:09:01.1708||INFO|Microsoft.AspNetCore.Mvc.Infrastructure.ObjectResultExecutor|Executing AcceptedResult, writing value of type 'EPMServices.Application.Common.Models.ESBMessage'. 
2022-11-03 15:09:01.1919||INFO|Microsoft.AspNetCore.Mvc.Infrastructure.ControllerActionInvoker|Executed action EPMServices.Api.Controllers.EmailAddressesRegistrationsController.Post (Api) in 3406.9498ms 
2022-11-03 15:09:01.1919||INFO|Microsoft.AspNetCore.Routing.EndpointMiddleware|Executed endpoint 'EPMServices.Api.Controllers.EmailAddressesRegistrationsController.Post (Api)' 
2022-11-03 15:09:01.2051||INFO|Microsoft.AspNetCore.Hosting.Diagnostics|Request finished HTTP/1.1 POST https://localhost:7053/api/EmailAddresses/Registrations application/json 487 - 202 93 application/json;+charset=utf-8 3464.9491ms 
2022-11-03 15:09:11.3425||INFO|Microsoft.Hosting.Lifetime|Application is shutting down... 
2022-11-03 15:21:26.8810||INFO|Microsoft.Hosting.Lifetime|Now listening on: https://localhost:7053 
2022-11-03 15:21:26.8987||INFO|Microsoft.Hosting.Lifetime|Now listening on: http://localhost:5053 
2022-11-03 15:21:26.8987||INFO|Microsoft.Hosting.Lifetime|Application started. Press Ctrl+C to shut down. 
2022-11-03 15:21:26.8987||INFO|Microsoft.Hosting.Lifetime|Hosting environment: Development 
2022-11-03 15:21:26.8987||INFO|Microsoft.Hosting.Lifetime|Content root path: C:\dev\EPM-Services\src\Api 
2022-11-03 15:21:27.3414||INFO|Microsoft.AspNetCore.Hosting.Diagnostics|Request starting HTTP/2 GET https://localhost:7053/ - - 
2022-11-03 15:21:27.4652||INFO|Microsoft.AspNetCore.ResponseCaching.ResponseCachingMiddleware|No cached response available for this request. 
2022-11-03 15:21:27.4652||INFO|Microsoft.AspNetCore.ResponseCaching.ResponseCachingMiddleware|The response could not be cached for this request. 
2022-11-03 15:21:27.4908||INFO|Microsoft.AspNetCore.Hosting.Diagnostics|Request finished HTTP/2 GET https://localhost:7053/ - - - 404 0 - 150.5487ms 
2022-11-03 15:22:35.7532||INFO|Microsoft.AspNetCore.Hosting.Diagnostics|Request starting HTTP/1.1 POST http://localhost:5053/api/EmailAddresses/Registrations application/json 475 
2022-11-03 15:22:35.7585||INFO|Microsoft.AspNetCore.Hosting.Diagnostics|Request finished HTTP/1.1 POST http://localhost:5053/api/EmailAddresses/Registrations application/json 475 - 307 0 - 5.3193ms 
2022-11-03 15:22:35.7787||INFO|Microsoft.AspNetCore.Hosting.Diagnostics|Request starting HTTP/1.1 POST https://localhost:7053/api/EmailAddresses/Registrations application/json 475 
2022-11-03 15:22:35.7787||INFO|Microsoft.AspNetCore.Routing.EndpointMiddleware|Executing endpoint 'EPMServices.Api.Controllers.EmailAddressesRegistrationsController.Post (Api)' 
2022-11-03 15:22:35.8117||INFO|Microsoft.AspNetCore.Mvc.Infrastructure.ControllerActionInvoker|Route matched with {action = "Post", controller = "EmailAddressesRegistrations"}. Executing controller action with signature System.Threading.Tasks.Task`1[Microsoft.AspNetCore.Mvc.ActionResult`1[EPMServices.Application.Common.Models.ESBMessage]] Post(EPMServices.Application.Common.Models.EmailAddressRegistration.EmailAddressRegistrationRequest) on controller EPMServices.Api.Controllers.EmailAddressesRegistrationsController (Api). 
2022-11-03 15:22:37.2206||WARN|Microsoft.EntityFrameworkCore.Model.Validation|Sensitive data logging is enabled. Log entries and exception messages may include sensitive application data; this mode should only be enabled during development. 
2022-11-03 15:22:38.8163||INFO|Hangfire.SqlServer.SqlServerObjectsInstaller|Start installing Hangfire SQL objects... 
2022-11-03 15:22:39.0397||INFO|Hangfire.SqlServer.SqlServerObjectsInstaller|Hangfire SQL objects installed. 
2022-11-03 15:22:39.7711||INFO|Microsoft.AspNetCore.Mvc.Infrastructure.ObjectResultExecutor|Executing AcceptedResult, writing value of type 'EPMServices.Application.Common.Models.ESBMessage'. 
2022-11-03 15:22:39.7908||INFO|Microsoft.AspNetCore.Mvc.Infrastructure.ControllerActionInvoker|Executed action EPMServices.Api.Controllers.EmailAddressesRegistrationsController.Post (Api) in 3975.6736ms 
2022-11-03 15:22:39.7908||INFO|Microsoft.AspNetCore.Routing.EndpointMiddleware|Executed endpoint 'EPMServices.Api.Controllers.EmailAddressesRegistrationsController.Post (Api)' 
2022-11-03 15:22:39.8223||INFO|Microsoft.AspNetCore.Hosting.Diagnostics|Request finished HTTP/1.1 POST https://localhost:7053/api/EmailAddresses/Registrations application/json 475 - 202 92 application/json;+charset=utf-8 4043.2788ms 
2022-11-03 15:34:04.4462||INFO|Microsoft.Hosting.Lifetime|Application is shutting down... 
