2022-10-27 10:08:35.7677||INFO|Microsoft.Hosting.Lifetime|Now listening on: https://localhost:7053 
2022-10-27 10:08:35.7870||INFO|Microsoft.Hosting.Lifetime|Now listening on: http://localhost:5053 
2022-10-27 10:08:35.7870||INFO|Microsoft.Hosting.Lifetime|Application started. Press Ctrl+C to shut down. 
2022-10-27 10:08:35.7870||INFO|Microsoft.Hosting.Lifetime|Hosting environment: Development 
2022-10-27 10:08:35.7870||INFO|Microsoft.Hosting.Lifetime|Content root path: C:\dev\EPM-Services\src\Api 
2022-10-27 10:08:36.8129||INFO|Microsoft.AspNetCore.Hosting.Diagnostics|Request starting HTTP/2 GET https://localhost:7053/ - - 
2022-10-27 10:08:36.9869||INFO|Microsoft.AspNetCore.ResponseCaching.ResponseCachingMiddleware|No cached response available for this request. 
2022-10-27 10:08:37.0723||INFO|Microsoft.AspNetCore.ResponseCaching.ResponseCachingMiddleware|The response could not be cached for this request. 
2022-10-27 10:08:37.1395||INFO|Microsoft.AspNetCore.Hosting.Diagnostics|Request finished HTTP/2 GET https://localhost:7053/ - - - 404 0 - 327.9560ms 
2022-10-27 10:10:54.4754||INFO|Microsoft.AspNetCore.Hosting.Diagnostics|Request starting HTTP/1.1 POST http://localhost:5053/api/EmailAddresses/Registrations application/json 65 
2022-10-27 10:10:54.4995||INFO|Microsoft.AspNetCore.Hosting.Diagnostics|Request finished HTTP/1.1 POST http://localhost:5053/api/EmailAddresses/Registrations application/json 65 - 307 0 - 24.1401ms 
2022-10-27 10:10:54.5442||INFO|Microsoft.AspNetCore.Hosting.Diagnostics|Request starting HTTP/1.1 POST https://localhost:7053/api/EmailAddresses/Registrations application/json 65 
2022-10-27 10:10:54.5442||INFO|Microsoft.AspNetCore.Routing.EndpointMiddleware|Executing endpoint 'EPMServices.Api.Controllers.EmailAddressesRegistrationsController.Post (Api)' 
2022-10-27 10:10:54.5953||INFO|Microsoft.AspNetCore.Mvc.Infrastructure.ControllerActionInvoker|Route matched with {action = "Post", controller = "EmailAddressesRegistrations"}. Executing controller action with signature System.Threading.Tasks.Task`1[Microsoft.AspNetCore.Mvc.ActionResult`1[EPMServices.Application.Common.Models.ESBMessage]] Post(EPMServices.Application.Common.Models.EmailAddressRegistration.EmailAddressRegistrationRequest) on controller EPMServices.Api.Controllers.EmailAddressesRegistrationsController (Api). 
2022-10-27 10:10:54.9887||INFO|Microsoft.AspNetCore.Mvc.Infrastructure.ControllerActionInvoker|Executing action method EPMServices.Api.Controllers.EmailAddressesRegistrationsController.Post (Api) - Validation state: Invalid 
2022-10-27 10:11:21.0423||INFO|Hangfire.SqlServer.SqlServerObjectsInstaller|Start installing Hangfire SQL objects... 
2022-10-27 10:11:21.5158||INFO|Hangfire.SqlServer.SqlServerObjectsInstaller|Hangfire SQL objects installed. 
2022-10-27 10:11:21.5322||INFO|Microsoft.AspNetCore.Mvc.Infrastructure.ControllerActionInvoker|Executed action method EPMServices.Api.Controllers.EmailAddressesRegistrationsController.Post (Api), returned result Microsoft.AspNetCore.Mvc.AcceptedResult in 26537.1223ms. 
2022-10-27 10:11:21.5322||INFO|Microsoft.AspNetCore.Mvc.Infrastructure.ObjectResultExecutor|Executing AcceptedResult, writing value of type 'EPMServices.Application.Common.Models.ESBMessage'. 
2022-10-27 10:11:21.7382||INFO|Microsoft.AspNetCore.Mvc.Infrastructure.ControllerActionInvoker|Executed action EPMServices.Api.Controllers.EmailAddressesRegistrationsController.Post (Api) in 27127.701ms 
2022-10-27 10:11:21.7382||INFO|Microsoft.AspNetCore.Routing.EndpointMiddleware|Executed endpoint 'EPMServices.Api.Controllers.EmailAddressesRegistrationsController.Post (Api)' 
2022-10-27 10:11:21.7478||INFO|Microsoft.AspNetCore.Hosting.Diagnostics|Request finished HTTP/1.1 POST https://localhost:7053/api/EmailAddresses/Registrations application/json 65 - 202 93 application/json;+charset=utf-8 27201.6229ms 
2022-10-27 10:11:34.8776||INFO|Microsoft.AspNetCore.Hosting.Diagnostics|Request starting HTTP/1.1 POST http://localhost:5053/api/EmailAddresses/Registrations application/json 38 
2022-10-27 10:11:34.8776||INFO|Microsoft.AspNetCore.Hosting.Diagnostics|Request finished HTTP/1.1 POST http://localhost:5053/api/EmailAddresses/Registrations application/json 38 - 307 0 - 0.5049ms 
2022-10-27 10:11:34.8776||INFO|Microsoft.AspNetCore.Hosting.Diagnostics|Request starting HTTP/1.1 POST https://localhost:7053/api/EmailAddresses/Registrations application/json 38 
2022-10-27 10:11:34.8776||INFO|Microsoft.AspNetCore.Routing.EndpointMiddleware|Executing endpoint 'EPMServices.Api.Controllers.EmailAddressesRegistrationsController.Post (Api)' 
2022-10-27 10:11:34.8776||INFO|Microsoft.AspNetCore.Mvc.Infrastructure.ControllerActionInvoker|Route matched with {action = "Post", controller = "EmailAddressesRegistrations"}. Executing controller action with signature System.Threading.Tasks.Task`1[Microsoft.AspNetCore.Mvc.ActionResult`1[EPMServices.Application.Common.Models.ESBMessage]] Post(EPMServices.Application.Common.Models.EmailAddressRegistration.EmailAddressRegistrationRequest) on controller EPMServices.Api.Controllers.EmailAddressesRegistrationsController (Api). 
2022-10-27 10:11:34.9251||INFO|Microsoft.AspNetCore.Mvc.Infrastructure.ControllerActionInvoker|Executing action method EPMServices.Api.Controllers.EmailAddressesRegistrationsController.Post (Api) - Validation state: Invalid 
2022-10-27 10:11:35.4689||INFO|Microsoft.AspNetCore.Mvc.Infrastructure.ControllerActionInvoker|Executed action EPMServices.Api.Controllers.EmailAddressesRegistrationsController.Post (Api) in 585.2893ms 
2022-10-27 10:11:35.4689||INFO|Microsoft.AspNetCore.Routing.EndpointMiddleware|Executed endpoint 'EPMServices.Api.Controllers.EmailAddressesRegistrationsController.Post (Api)' 
2022-10-27 10:11:35.5478||INFO|Microsoft.AspNetCore.Hosting.Diagnostics|Request finished HTTP/1.1 POST https://localhost:7053/api/EmailAddresses/Registrations application/json 38 - 400 - application/json 665.1596ms 
2022-10-27 10:14:16.5578||INFO|Microsoft.AspNetCore.Hosting.Diagnostics|Request starting HTTP/1.1 POST http://localhost:5053/api/EmailAddresses/Registrations application/json 95 
2022-10-27 10:14:16.5578||INFO|Microsoft.AspNetCore.Hosting.Diagnostics|Request finished HTTP/1.1 POST http://localhost:5053/api/EmailAddresses/Registrations application/json 95 - 307 0 - 0.6228ms 
2022-10-27 10:14:16.5742||INFO|Microsoft.AspNetCore.Hosting.Diagnostics|Request starting HTTP/1.1 POST https://localhost:7053/api/EmailAddresses/Registrations application/json 95 
2022-10-27 10:14:16.5742||INFO|Microsoft.AspNetCore.Routing.EndpointMiddleware|Executing endpoint 'EPMServices.Api.Controllers.EmailAddressesRegistrationsController.Post (Api)' 
2022-10-27 10:14:16.5742||INFO|Microsoft.AspNetCore.Mvc.Infrastructure.ControllerActionInvoker|Route matched with {action = "Post", controller = "EmailAddressesRegistrations"}. Executing controller action with signature System.Threading.Tasks.Task`1[Microsoft.AspNetCore.Mvc.ActionResult`1[EPMServices.Application.Common.Models.ESBMessage]] Post(EPMServices.Application.Common.Models.EmailAddressRegistration.EmailAddressRegistrationRequest) on controller EPMServices.Api.Controllers.EmailAddressesRegistrationsController (Api). 
2022-10-27 10:14:16.6099||INFO|Microsoft.AspNetCore.Mvc.Infrastructure.ControllerActionInvoker|Executing action method EPMServices.Api.Controllers.EmailAddressesRegistrationsController.Post (Api) - Validation state: Invalid 
2022-10-27 10:14:17.4193||INFO|Microsoft.AspNetCore.Mvc.Infrastructure.ControllerActionInvoker|Executed action method EPMServices.Api.Controllers.EmailAddressesRegistrationsController.Post (Api), returned result Microsoft.AspNetCore.Mvc.AcceptedResult in 809.2713ms. 
2022-10-27 10:14:17.4193||INFO|Microsoft.AspNetCore.Mvc.Infrastructure.ObjectResultExecutor|Executing AcceptedResult, writing value of type 'EPMServices.Application.Common.Models.ESBMessage'. 
2022-10-27 10:14:17.4193||INFO|Microsoft.AspNetCore.Mvc.Infrastructure.ControllerActionInvoker|Executed action EPMServices.Api.Controllers.EmailAddressesRegistrationsController.Post (Api) in 844.537ms 
2022-10-27 10:14:17.4193||INFO|Microsoft.AspNetCore.Routing.EndpointMiddleware|Executed endpoint 'EPMServices.Api.Controllers.EmailAddressesRegistrationsController.Post (Api)' 
2022-10-27 10:14:17.4193||INFO|Microsoft.AspNetCore.Hosting.Diagnostics|Request finished HTTP/1.1 POST https://localhost:7053/api/EmailAddresses/Registrations application/json 95 - 202 93 application/json;+charset=utf-8 846.1709ms 
2022-10-27 10:14:24.8937||INFO|Microsoft.AspNetCore.Hosting.Diagnostics|Request starting HTTP/1.1 POST http://localhost:5053/api/EmailAddresses/Registrations application/json 99 
2022-10-27 10:14:24.8937||INFO|Microsoft.AspNetCore.Hosting.Diagnostics|Request finished HTTP/1.1 POST http://localhost:5053/api/EmailAddresses/Registrations application/json 99 - 307 0 - 0.4896ms 
2022-10-27 10:14:24.8965||INFO|Microsoft.AspNetCore.Hosting.Diagnostics|Request starting HTTP/1.1 POST https://localhost:7053/api/EmailAddresses/Registrations application/json 99 
2022-10-27 10:14:24.8965||INFO|Microsoft.AspNetCore.Routing.EndpointMiddleware|Executing endpoint 'EPMServices.Api.Controllers.EmailAddressesRegistrationsController.Post (Api)' 
2022-10-27 10:14:24.8965||INFO|Microsoft.AspNetCore.Mvc.Infrastructure.ControllerActionInvoker|Route matched with {action = "Post", controller = "EmailAddressesRegistrations"}. Executing controller action with signature System.Threading.Tasks.Task`1[Microsoft.AspNetCore.Mvc.ActionResult`1[EPMServices.Application.Common.Models.ESBMessage]] Post(EPMServices.Application.Common.Models.EmailAddressRegistration.EmailAddressRegistrationRequest) on controller EPMServices.Api.Controllers.EmailAddressesRegistrationsController (Api). 
2022-10-27 10:14:24.9313||INFO|Microsoft.AspNetCore.Mvc.Infrastructure.ControllerActionInvoker|Executing action method EPMServices.Api.Controllers.EmailAddressesRegistrationsController.Post (Api) - Validation state: Invalid 
2022-10-27 10:14:25.7739||INFO|Microsoft.AspNetCore.Mvc.Infrastructure.ControllerActionInvoker|Executed action EPMServices.Api.Controllers.EmailAddressesRegistrationsController.Post (Api) in 876.9919ms 
2022-10-27 10:14:25.7739||INFO|Microsoft.AspNetCore.Routing.EndpointMiddleware|Executed endpoint 'EPMServices.Api.Controllers.EmailAddressesRegistrationsController.Post (Api)' 
2022-10-27 10:14:25.8306||INFO|Microsoft.AspNetCore.Hosting.Diagnostics|Request finished HTTP/1.1 POST https://localhost:7053/api/EmailAddresses/Registrations application/json 99 - 400 - application/json 933.9616ms 
2022-10-27 10:17:33.2809||INFO|Microsoft.Hosting.Lifetime|Now listening on: https://localhost:7053 
2022-10-27 10:17:33.3076||INFO|Microsoft.Hosting.Lifetime|Now listening on: http://localhost:5053 
2022-10-27 10:17:33.3076||INFO|Microsoft.Hosting.Lifetime|Application started. Press Ctrl+C to shut down. 
2022-10-27 10:17:33.3076||INFO|Microsoft.Hosting.Lifetime|Hosting environment: Development 
2022-10-27 10:17:33.3076||INFO|Microsoft.Hosting.Lifetime|Content root path: C:\dev\EPM-Services\src\Api 
2022-10-27 10:17:34.3742||INFO|Microsoft.AspNetCore.Hosting.Diagnostics|Request starting HTTP/2 GET https://localhost:7053/ - - 
2022-10-27 10:17:34.5534||INFO|Microsoft.AspNetCore.ResponseCaching.ResponseCachingMiddleware|No cached response available for this request. 
2022-10-27 10:17:34.6828||INFO|Microsoft.AspNetCore.ResponseCaching.ResponseCachingMiddleware|The response could not be cached for this request. 
2022-10-27 10:17:34.7632||INFO|Microsoft.AspNetCore.Hosting.Diagnostics|Request finished HTTP/2 GET https://localhost:7053/ - - - 404 0 - 391.1254ms 
2022-10-27 10:17:43.5951||INFO|Microsoft.AspNetCore.Hosting.Diagnostics|Request starting HTTP/1.1 POST http://localhost:5053/api/EmailAddresses/Registrations application/json 95 
2022-10-27 10:17:43.6188||INFO|Microsoft.AspNetCore.Hosting.Diagnostics|Request finished HTTP/1.1 POST http://localhost:5053/api/EmailAddresses/Registrations application/json 95 - 307 0 - 23.7609ms 
2022-10-27 10:17:43.6499||INFO|Microsoft.AspNetCore.Hosting.Diagnostics|Request starting HTTP/1.1 POST https://localhost:7053/api/EmailAddresses/Registrations application/json 95 
2022-10-27 10:17:43.6499||INFO|Microsoft.AspNetCore.Routing.EndpointMiddleware|Executing endpoint 'EPMServices.Api.Controllers.EmailAddressesRegistrationsController.Post (Api)' 
2022-10-27 10:17:43.7124||INFO|Microsoft.AspNetCore.Mvc.Infrastructure.ControllerActionInvoker|Route matched with {action = "Post", controller = "EmailAddressesRegistrations"}. Executing controller action with signature System.Threading.Tasks.Task`1[Microsoft.AspNetCore.Mvc.ActionResult`1[EPMServices.Application.Common.Models.ESBMessage]] Post(EPMServices.Application.Common.Models.EmailAddressRegistration.EmailAddressRegistrationRequest) on controller EPMServices.Api.Controllers.EmailAddressesRegistrationsController (Api). 
2022-10-27 10:17:44.3670||INFO|Microsoft.AspNetCore.Mvc.Infrastructure.ControllerActionInvoker|Executing action method EPMServices.Api.Controllers.EmailAddressesRegistrationsController.Post (Api) - Validation state: Invalid 
2022-10-27 10:17:52.8799||INFO|Hangfire.SqlServer.SqlServerObjectsInstaller|Start installing Hangfire SQL objects... 
2022-10-27 10:17:53.3499||INFO|Hangfire.SqlServer.SqlServerObjectsInstaller|Hangfire SQL objects installed. 
2022-10-27 10:17:53.3626||INFO|Microsoft.AspNetCore.Mvc.Infrastructure.ControllerActionInvoker|Executed action method EPMServices.Api.Controllers.EmailAddressesRegistrationsController.Post (Api), returned result Microsoft.AspNetCore.Mvc.AcceptedResult in 8991.7559ms. 
2022-10-27 10:17:53.3626||INFO|Microsoft.AspNetCore.Mvc.Infrastructure.ObjectResultExecutor|Executing AcceptedResult, writing value of type 'EPMServices.Application.Common.Models.ESBMessage'. 
2022-10-27 10:17:53.4146||INFO|Microsoft.AspNetCore.Mvc.Infrastructure.ControllerActionInvoker|Executed action EPMServices.Api.Controllers.EmailAddressesRegistrationsController.Post (Api) in 9698.6739ms 
2022-10-27 10:17:53.4146||INFO|Microsoft.AspNetCore.Routing.EndpointMiddleware|Executed endpoint 'EPMServices.Api.Controllers.EmailAddressesRegistrationsController.Post (Api)' 
2022-10-27 10:17:53.4146||INFO|Microsoft.AspNetCore.Hosting.Diagnostics|Request finished HTTP/1.1 POST https://localhost:7053/api/EmailAddresses/Registrations application/json 95 - 202 93 application/json;+charset=utf-8 9774.0767ms 
2022-10-27 10:18:02.2705||INFO|Microsoft.AspNetCore.Hosting.Diagnostics|Request starting HTTP/1.1 POST http://localhost:5053/api/EmailAddresses/Registrations application/json 100 
2022-10-27 10:18:02.2705||INFO|Microsoft.AspNetCore.Hosting.Diagnostics|Request finished HTTP/1.1 POST http://localhost:5053/api/EmailAddresses/Registrations application/json 100 - 307 0 - 3.8574ms 
2022-10-27 10:18:02.2705||INFO|Microsoft.AspNetCore.Hosting.Diagnostics|Request starting HTTP/1.1 POST https://localhost:7053/api/EmailAddresses/Registrations application/json 100 
2022-10-27 10:18:02.2705||INFO|Microsoft.AspNetCore.Routing.EndpointMiddleware|Executing endpoint 'EPMServices.Api.Controllers.EmailAddressesRegistrationsController.Post (Api)' 
2022-10-27 10:18:02.2853||INFO|Microsoft.AspNetCore.Mvc.Infrastructure.ControllerActionInvoker|Route matched with {action = "Post", controller = "EmailAddressesRegistrations"}. Executing controller action with signature System.Threading.Tasks.Task`1[Microsoft.AspNetCore.Mvc.ActionResult`1[EPMServices.Application.Common.Models.ESBMessage]] Post(EPMServices.Application.Common.Models.EmailAddressRegistration.EmailAddressRegistrationRequest) on controller EPMServices.Api.Controllers.EmailAddressesRegistrationsController (Api). 
2022-10-27 10:18:02.3321||INFO|Microsoft.AspNetCore.Mvc.Infrastructure.ControllerActionInvoker|Executing action method EPMServices.Api.Controllers.EmailAddressesRegistrationsController.Post (Api) - Validation state: Invalid 
2022-10-27 10:18:08.6883||INFO|Microsoft.AspNetCore.Mvc.Infrastructure.ControllerActionInvoker|Executed action EPMServices.Api.Controllers.EmailAddressesRegistrationsController.Post (Api) in 6402.579ms 
2022-10-27 10:18:08.6883||INFO|Microsoft.AspNetCore.Routing.EndpointMiddleware|Executed endpoint 'EPMServices.Api.Controllers.EmailAddressesRegistrationsController.Post (Api)' 
2022-10-27 10:18:08.7822||INFO|Microsoft.AspNetCore.Hosting.Diagnostics|Request finished HTTP/1.1 POST https://localhost:7053/api/EmailAddresses/Registrations application/json 100 - 400 - application/json 6497.8808ms 
2022-10-27 10:19:01.9621||INFO|Microsoft.AspNetCore.Hosting.Diagnostics|Request starting HTTP/1.1 POST http://localhost:5053/api/EmailAddresses/Registrations application/json 100 
2022-10-27 10:19:01.9621||INFO|Microsoft.AspNetCore.Hosting.Diagnostics|Request finished HTTP/1.1 POST http://localhost:5053/api/EmailAddresses/Registrations application/json 100 - 307 0 - 0.4158ms 
2022-10-27 10:19:01.9806||INFO|Microsoft.AspNetCore.Hosting.Diagnostics|Request starting HTTP/1.1 POST https://localhost:7053/api/EmailAddresses/Registrations application/json 100 
2022-10-27 10:19:01.9806||INFO|Microsoft.AspNetCore.Routing.EndpointMiddleware|Executing endpoint 'EPMServices.Api.Controllers.EmailAddressesRegistrationsController.Post (Api)' 
2022-10-27 10:19:01.9806||INFO|Microsoft.AspNetCore.Mvc.Infrastructure.ControllerActionInvoker|Route matched with {action = "Post", controller = "EmailAddressesRegistrations"}. Executing controller action with signature System.Threading.Tasks.Task`1[Microsoft.AspNetCore.Mvc.ActionResult`1[EPMServices.Application.Common.Models.ESBMessage]] Post(EPMServices.Application.Common.Models.EmailAddressRegistration.EmailAddressRegistrationRequest) on controller EPMServices.Api.Controllers.EmailAddressesRegistrationsController (Api). 
2022-10-27 10:19:02.0423||INFO|Microsoft.AspNetCore.Mvc.Infrastructure.ControllerActionInvoker|Executing action method EPMServices.Api.Controllers.EmailAddressesRegistrationsController.Post (Api) - Validation state: Invalid 
2022-10-27 10:19:09.8338||INFO|Microsoft.AspNetCore.Mvc.Infrastructure.ControllerActionInvoker|Executed action EPMServices.Api.Controllers.EmailAddressesRegistrationsController.Post (Api) in 7852.2028ms 
2022-10-27 10:19:09.8338||INFO|Microsoft.AspNetCore.Routing.EndpointMiddleware|Executed endpoint 'EPMServices.Api.Controllers.EmailAddressesRegistrationsController.Post (Api)' 
2022-10-27 10:19:09.8833||INFO|Microsoft.AspNetCore.Hosting.Diagnostics|Request finished HTTP/1.1 POST https://localhost:7053/api/EmailAddresses/Registrations application/json 100 - 400 - application/json 7902.1145ms 
2022-10-27 13:51:49.5267||INFO|Microsoft.Hosting.Lifetime|Now listening on: https://localhost:7053 
2022-10-27 13:51:49.5458||INFO|Microsoft.Hosting.Lifetime|Now listening on: http://localhost:5053 
2022-10-27 13:51:49.5494||INFO|Microsoft.Hosting.Lifetime|Application started. Press Ctrl+C to shut down. 
2022-10-27 13:51:49.5494||INFO|Microsoft.Hosting.Lifetime|Hosting environment: Development 
2022-10-27 13:51:49.5494||INFO|Microsoft.Hosting.Lifetime|Content root path: C:\dev\EPM-Services\src\Api 
2022-10-27 13:51:50.6461||INFO|Microsoft.AspNetCore.Hosting.Diagnostics|Request starting HTTP/2 GET https://localhost:7053/ - - 
2022-10-27 13:51:50.7706||INFO|Microsoft.AspNetCore.ResponseCaching.ResponseCachingMiddleware|No cached response available for this request. 
2022-10-27 13:51:50.7900||INFO|Microsoft.AspNetCore.ResponseCaching.ResponseCachingMiddleware|The response could not be cached for this request. 
2022-10-27 13:51:50.8279||INFO|Microsoft.AspNetCore.Hosting.Diagnostics|Request finished HTTP/2 GET https://localhost:7053/ - - - 404 0 - 176.8736ms 
2022-10-27 13:51:58.7392||INFO|Microsoft.AspNetCore.Hosting.Diagnostics|Request starting HTTP/1.1 POST http://localhost:5053/api/EmailAddresses/Registrations application/json 100 
2022-10-27 13:51:58.7763||INFO|Microsoft.AspNetCore.Hosting.Diagnostics|Request finished HTTP/1.1 POST http://localhost:5053/api/EmailAddresses/Registrations application/json 100 - 307 0 - 37.2663ms 
2022-10-27 13:51:58.8076||INFO|Microsoft.AspNetCore.Hosting.Diagnostics|Request starting HTTP/1.1 POST https://localhost:7053/api/EmailAddresses/Registrations application/json 100 
2022-10-27 13:51:58.8076||INFO|Microsoft.AspNetCore.Routing.EndpointMiddleware|Executing endpoint 'EPMServices.Api.Controllers.EmailAddressesRegistrationsController.Post (Api)' 
2022-10-27 13:51:58.8619||INFO|Microsoft.AspNetCore.Mvc.Infrastructure.ControllerActionInvoker|Route matched with {action = "Post", controller = "EmailAddressesRegistrations"}. Executing controller action with signature System.Threading.Tasks.Task`1[Microsoft.AspNetCore.Mvc.ActionResult`1[EPMServices.Application.Common.Models.ESBMessage]] Post(EPMServices.Application.Common.Models.EmailAddressRegistration.EmailAddressRegistrationRequest) on controller EPMServices.Api.Controllers.EmailAddressesRegistrationsController (Api). 
2022-10-27 13:51:59.2712||INFO|Microsoft.AspNetCore.Mvc.Infrastructure.ControllerActionInvoker|Executing action method EPMServices.Api.Controllers.EmailAddressesRegistrationsController.Post (Api) - Validation state: Invalid 
2022-10-27 13:52:09.0480||INFO|Microsoft.AspNetCore.Mvc.Infrastructure.ControllerActionInvoker|Executed action EPMServices.Api.Controllers.EmailAddressesRegistrationsController.Post (Api) in 10182.735ms 
2022-10-27 13:52:09.0480||INFO|Microsoft.AspNetCore.Routing.EndpointMiddleware|Executed endpoint 'EPMServices.Api.Controllers.EmailAddressesRegistrationsController.Post (Api)' 
2022-10-27 13:52:09.1573||INFO|Microsoft.AspNetCore.Hosting.Diagnostics|Request finished HTTP/1.1 POST https://localhost:7053/api/EmailAddresses/Registrations application/json 100 - 400 - application/json 10349.3587ms 
2022-10-27 14:16:08.0837||INFO|Microsoft.Hosting.Lifetime|Now listening on: https://localhost:7053 
2022-10-27 14:16:08.1043||INFO|Microsoft.Hosting.Lifetime|Now listening on: http://localhost:5053 
2022-10-27 14:16:08.1043||INFO|Microsoft.Hosting.Lifetime|Application started. Press Ctrl+C to shut down. 
2022-10-27 14:16:08.1043||INFO|Microsoft.Hosting.Lifetime|Hosting environment: Development 
2022-10-27 14:16:08.1043||INFO|Microsoft.Hosting.Lifetime|Content root path: C:\dev\EPM-Services\src\Api 
2022-10-27 14:16:09.1581||INFO|Microsoft.AspNetCore.Hosting.Diagnostics|Request starting HTTP/2 GET https://localhost:7053/ - - 
2022-10-27 14:16:09.3040||INFO|Microsoft.AspNetCore.ResponseCaching.ResponseCachingMiddleware|No cached response available for this request. 
2022-10-27 14:16:09.3245||INFO|Microsoft.AspNetCore.ResponseCaching.ResponseCachingMiddleware|The response could not be cached for this request. 
2022-10-27 14:16:09.3633||INFO|Microsoft.AspNetCore.Hosting.Diagnostics|Request finished HTTP/2 GET https://localhost:7053/ - - - 404 0 - 206.5885ms 
2022-10-27 14:16:20.7004||INFO|Microsoft.AspNetCore.Hosting.Diagnostics|Request starting HTTP/1.1 POST http://localhost:5053/api/EmailAddresses/Registrations application/json 100 
2022-10-27 14:16:20.7720||INFO|Microsoft.AspNetCore.Hosting.Diagnostics|Request finished HTTP/1.1 POST http://localhost:5053/api/EmailAddresses/Registrations application/json 100 - 307 0 - 71.6838ms 
2022-10-27 14:16:20.7996||INFO|Microsoft.AspNetCore.Hosting.Diagnostics|Request starting HTTP/1.1 POST https://localhost:7053/api/EmailAddresses/Registrations application/json 100 
2022-10-27 14:16:20.8051||INFO|Microsoft.AspNetCore.Routing.EndpointMiddleware|Executing endpoint 'EPMServices.Api.Controllers.EmailAddressesRegistrationsController.Post (Api)' 
2022-10-27 14:16:20.8530||INFO|Microsoft.AspNetCore.Mvc.Infrastructure.ControllerActionInvoker|Route matched with {action = "Post", controller = "EmailAddressesRegistrations"}. Executing controller action with signature System.Threading.Tasks.Task`1[Microsoft.AspNetCore.Mvc.ActionResult`1[EPMServices.Application.Common.Models.ESBMessage]] Post(EPMServices.Application.Common.Models.EmailAddressRegistration.EmailAddressRegistrationRequest) on controller EPMServices.Api.Controllers.EmailAddressesRegistrationsController (Api). 
2022-10-27 14:16:21.2411||INFO|Microsoft.AspNetCore.Mvc.Infrastructure.ControllerActionInvoker|Executing action method EPMServices.Api.Controllers.EmailAddressesRegistrationsController.Post (Api) - Validation state: Invalid 
2022-10-27 14:22:23.1996||INFO|Microsoft.Hosting.Lifetime|Now listening on: https://localhost:7053 
2022-10-27 14:22:23.2173||INFO|Microsoft.Hosting.Lifetime|Now listening on: http://localhost:5053 
2022-10-27 14:22:23.2173||INFO|Microsoft.Hosting.Lifetime|Application started. Press Ctrl+C to shut down. 
2022-10-27 14:22:23.2173||INFO|Microsoft.Hosting.Lifetime|Hosting environment: Development 
2022-10-27 14:22:23.2173||INFO|Microsoft.Hosting.Lifetime|Content root path: C:\dev\EPM-Services\src\Api 
2022-10-27 14:22:24.4244||INFO|Microsoft.AspNetCore.Hosting.Diagnostics|Request starting HTTP/2 GET https://localhost:7053/ - - 
2022-10-27 14:22:24.5524||INFO|Microsoft.AspNetCore.ResponseCaching.ResponseCachingMiddleware|No cached response available for this request. 
2022-10-27 14:22:24.5696||INFO|Microsoft.AspNetCore.ResponseCaching.ResponseCachingMiddleware|The response could not be cached for this request. 
2022-10-27 14:22:24.6156||INFO|Microsoft.AspNetCore.Hosting.Diagnostics|Request finished HTTP/2 GET https://localhost:7053/ - - - 404 0 - 198.0121ms 
2022-10-27 14:22:30.7183||INFO|Microsoft.AspNetCore.Hosting.Diagnostics|Request starting HTTP/1.1 POST http://localhost:5053/api/EmailAddresses/Registrations application/json 100 
2022-10-27 14:22:30.7411||INFO|Microsoft.AspNetCore.Hosting.Diagnostics|Request finished HTTP/1.1 POST http://localhost:5053/api/EmailAddresses/Registrations application/json 100 - 307 0 - 22.8590ms 
2022-10-27 14:22:30.7724||INFO|Microsoft.AspNetCore.Hosting.Diagnostics|Request starting HTTP/1.1 POST https://localhost:7053/api/EmailAddresses/Registrations application/json 100 
2022-10-27 14:22:30.7724||INFO|Microsoft.AspNetCore.Routing.EndpointMiddleware|Executing endpoint 'EPMServices.Api.Controllers.EmailAddressesRegistrationsController.Post (Api)' 
2022-10-27 14:22:30.8352||INFO|Microsoft.AspNetCore.Mvc.Infrastructure.ControllerActionInvoker|Route matched with {action = "Post", controller = "EmailAddressesRegistrations"}. Executing controller action with signature System.Threading.Tasks.Task`1[Microsoft.AspNetCore.Mvc.ActionResult`1[EPMServices.Application.Common.Models.ESBMessage]] Post(EPMServices.Application.Common.Models.EmailAddressRegistration.EmailAddressRegistrationRequest) on controller EPMServices.Api.Controllers.EmailAddressesRegistrationsController (Api). 
2022-10-27 14:22:31.2946||INFO|Microsoft.AspNetCore.Mvc.Infrastructure.ControllerActionInvoker|Executing action method EPMServices.Api.Controllers.EmailAddressesRegistrationsController.Post (Api) - Validation state: Invalid 
2022-10-27 14:24:18.0141||INFO|Microsoft.AspNetCore.Mvc.Infrastructure.ControllerActionInvoker|Executed action EPMServices.Api.Controllers.EmailAddressesRegistrationsController.Post (Api) in 107162.9826ms 
2022-10-27 14:24:18.0141||INFO|Microsoft.AspNetCore.Routing.EndpointMiddleware|Executed endpoint 'EPMServices.Api.Controllers.EmailAddressesRegistrationsController.Post (Api)' 
2022-10-27 14:24:18.1733||INFO|Microsoft.AspNetCore.Hosting.Diagnostics|Request finished HTTP/1.1 POST https://localhost:7053/api/EmailAddresses/Registrations application/json 100 - 400 - application/json 107398.3637ms 
2022-10-27 14:36:18.4483||INFO|Microsoft.Hosting.Lifetime|Now listening on: https://localhost:7053 
2022-10-27 14:36:18.4668||INFO|Microsoft.Hosting.Lifetime|Now listening on: http://localhost:5053 
2022-10-27 14:36:18.4761||INFO|Microsoft.Hosting.Lifetime|Application started. Press Ctrl+C to shut down. 
2022-10-27 14:36:18.4761||INFO|Microsoft.Hosting.Lifetime|Hosting environment: Development 
2022-10-27 14:36:18.4761||INFO|Microsoft.Hosting.Lifetime|Content root path: C:\dev\EPM-Services\src\Api 
2022-10-27 14:36:19.4634||INFO|Microsoft.AspNetCore.Hosting.Diagnostics|Request starting HTTP/2 GET https://localhost:7053/ - - 
2022-10-27 14:36:19.6285||INFO|Microsoft.AspNetCore.ResponseCaching.ResponseCachingMiddleware|No cached response available for this request. 
2022-10-27 14:36:19.6528||INFO|Microsoft.AspNetCore.ResponseCaching.ResponseCachingMiddleware|The response could not be cached for this request. 
2022-10-27 14:36:19.6993||INFO|Microsoft.AspNetCore.Hosting.Diagnostics|Request finished HTTP/2 GET https://localhost:7053/ - - - 404 0 - 241.6602ms 
2022-10-27 14:36:24.8160||INFO|Microsoft.AspNetCore.Hosting.Diagnostics|Request starting HTTP/1.1 POST http://localhost:5053/api/EmailAddresses/Registrations application/json 100 
2022-10-27 14:36:24.8462||INFO|Microsoft.AspNetCore.Hosting.Diagnostics|Request finished HTTP/1.1 POST http://localhost:5053/api/EmailAddresses/Registrations application/json 100 - 307 0 - 30.3090ms 
2022-10-27 14:36:24.8611||INFO|Microsoft.AspNetCore.Hosting.Diagnostics|Request starting HTTP/1.1 POST https://localhost:7053/api/EmailAddresses/Registrations application/json 100 
2022-10-27 14:36:24.8611||INFO|Microsoft.AspNetCore.Routing.EndpointMiddleware|Executing endpoint 'EPMServices.Api.Controllers.EmailAddressesRegistrationsController.Post (Api)' 
2022-10-27 14:36:24.9067||INFO|Microsoft.AspNetCore.Mvc.Infrastructure.ControllerActionInvoker|Route matched with {action = "Post", controller = "EmailAddressesRegistrations"}. Executing controller action with signature System.Threading.Tasks.Task`1[Microsoft.AspNetCore.Mvc.ActionResult`1[EPMServices.Application.Common.Models.ESBMessage]] Post(EPMServices.Application.Common.Models.EmailAddressRegistration.EmailAddressRegistrationRequest) on controller EPMServices.Api.Controllers.EmailAddressesRegistrationsController (Api). 
2022-10-27 14:36:25.3257||INFO|Microsoft.AspNetCore.Mvc.Infrastructure.ControllerActionInvoker|Executing action method EPMServices.Api.Controllers.EmailAddressesRegistrationsController.Post (Api) - Validation state: Invalid 
2022-10-27 14:36:42.2437||INFO|Microsoft.AspNetCore.Mvc.Infrastructure.ControllerActionInvoker|Executed action EPMServices.Api.Controllers.EmailAddressesRegistrationsController.Post (Api) in 17324.5548ms 
2022-10-27 14:36:42.2437||INFO|Microsoft.AspNetCore.Routing.EndpointMiddleware|Executed endpoint 'EPMServices.Api.Controllers.EmailAddressesRegistrationsController.Post (Api)' 
2022-10-27 14:36:42.3564||INFO|Microsoft.AspNetCore.Hosting.Diagnostics|Request finished HTTP/1.1 POST https://localhost:7053/api/EmailAddresses/Registrations application/json 100 - 400 - application/json 17494.8297ms 
2022-10-27 14:37:27.7068||INFO|Microsoft.Hosting.Lifetime|Now listening on: https://localhost:7053 
2022-10-27 14:37:27.7247||INFO|Microsoft.Hosting.Lifetime|Now listening on: http://localhost:5053 
2022-10-27 14:37:27.7247||INFO|Microsoft.Hosting.Lifetime|Application started. Press Ctrl+C to shut down. 
2022-10-27 14:37:27.7247||INFO|Microsoft.Hosting.Lifetime|Hosting environment: Development 
2022-10-27 14:37:27.7247||INFO|Microsoft.Hosting.Lifetime|Content root path: C:\dev\EPM-Services\src\Api 
2022-10-27 14:37:28.5253||INFO|Microsoft.AspNetCore.Hosting.Diagnostics|Request starting HTTP/2 GET https://localhost:7053/ - - 
2022-10-27 14:37:28.6489||INFO|Microsoft.AspNetCore.ResponseCaching.ResponseCachingMiddleware|No cached response available for this request. 
2022-10-27 14:37:28.6644||INFO|Microsoft.AspNetCore.ResponseCaching.ResponseCachingMiddleware|The response could not be cached for this request. 
2022-10-27 14:37:28.7234||INFO|Microsoft.AspNetCore.Hosting.Diagnostics|Request finished HTTP/2 GET https://localhost:7053/ - - - 404 0 - 198.3148ms 
2022-10-27 14:39:38.6557||INFO|Microsoft.AspNetCore.Hosting.Diagnostics|Request starting HTTP/1.1 POST http://localhost:5053/api/EmailAddresses/Registrations application/json 295 
2022-10-27 14:39:38.6852||INFO|Microsoft.AspNetCore.Hosting.Diagnostics|Request finished HTTP/1.1 POST http://localhost:5053/api/EmailAddresses/Registrations application/json 295 - 307 0 - 29.4917ms 
2022-10-27 14:39:38.7109||INFO|Microsoft.AspNetCore.Hosting.Diagnostics|Request starting HTTP/1.1 POST https://localhost:7053/api/EmailAddresses/Registrations application/json 295 
2022-10-27 14:39:38.7109||INFO|Microsoft.AspNetCore.Routing.EndpointMiddleware|Executing endpoint 'EPMServices.Api.Controllers.EmailAddressesRegistrationsController.Post (Api)' 
2022-10-27 14:39:38.7571||INFO|Microsoft.AspNetCore.Mvc.Infrastructure.ControllerActionInvoker|Route matched with {action = "Post", controller = "EmailAddressesRegistrations"}. Executing controller action with signature System.Threading.Tasks.Task`1[Microsoft.AspNetCore.Mvc.ActionResult`1[EPMServices.Application.Common.Models.ESBMessage]] Post(EPMServices.Application.Common.Models.EmailAddressRegistration.EmailAddressRegistrationRequest) on controller EPMServices.Api.Controllers.EmailAddressesRegistrationsController (Api). 
2022-10-27 14:39:39.0728||INFO|Microsoft.AspNetCore.Mvc.Infrastructure.ControllerActionInvoker|Executing action method EPMServices.Api.Controllers.EmailAddressesRegistrationsController.Post (Api) - Validation state: Invalid 
2022-10-27 14:42:22.8118||INFO|Microsoft.Hosting.Lifetime|Now listening on: https://localhost:7053 
2022-10-27 14:42:22.8327||INFO|Microsoft.Hosting.Lifetime|Now listening on: http://localhost:5053 
2022-10-27 14:42:22.8446||INFO|Microsoft.Hosting.Lifetime|Application started. Press Ctrl+C to shut down. 
2022-10-27 14:42:22.8446||INFO|Microsoft.Hosting.Lifetime|Hosting environment: Development 
2022-10-27 14:42:22.8446||INFO|Microsoft.Hosting.Lifetime|Content root path: C:\dev\EPM-Services\src\Api 
2022-10-27 14:42:23.5915||INFO|Microsoft.AspNetCore.Hosting.Diagnostics|Request starting HTTP/2 GET https://localhost:7053/ - - 
2022-10-27 14:42:23.8101||INFO|Microsoft.AspNetCore.ResponseCaching.ResponseCachingMiddleware|No cached response available for this request. 
2022-10-27 14:42:23.8479||INFO|Microsoft.AspNetCore.ResponseCaching.ResponseCachingMiddleware|The response could not be cached for this request. 
2022-10-27 14:42:23.8864||INFO|Microsoft.AspNetCore.Hosting.Diagnostics|Request finished HTTP/2 GET https://localhost:7053/ - - - 404 0 - 295.7030ms 
2022-10-27 14:42:38.9358||INFO|Microsoft.AspNetCore.Hosting.Diagnostics|Request starting HTTP/1.1 POST http://localhost:5053/api/EmailAddresses/Registrations application/json 295 
2022-10-27 14:42:38.9687||INFO|Microsoft.AspNetCore.Hosting.Diagnostics|Request finished HTTP/1.1 POST http://localhost:5053/api/EmailAddresses/Registrations application/json 295 - 307 0 - 32.8171ms 
2022-10-27 14:42:38.9971||INFO|Microsoft.AspNetCore.Hosting.Diagnostics|Request starting HTTP/1.1 POST https://localhost:7053/api/EmailAddresses/Registrations application/json 295 
2022-10-27 14:42:38.9971||INFO|Microsoft.AspNetCore.Routing.EndpointMiddleware|Executing endpoint 'EPMServices.Api.Controllers.EmailAddressesRegistrationsController.Post (Api)' 
2022-10-27 14:42:39.0409||INFO|Microsoft.AspNetCore.Mvc.Infrastructure.ControllerActionInvoker|Route matched with {action = "Post", controller = "EmailAddressesRegistrations"}. Executing controller action with signature System.Threading.Tasks.Task`1[Microsoft.AspNetCore.Mvc.ActionResult`1[EPMServices.Application.Common.Models.ESBMessage]] Post(EPMServices.Application.Common.Models.EmailAddressRegistration.EmailAddressRegistrationRequest) on controller EPMServices.Api.Controllers.EmailAddressesRegistrationsController (Api). 
2022-10-27 14:42:39.5957||INFO|Microsoft.AspNetCore.Mvc.Infrastructure.ControllerActionInvoker|Executing action method EPMServices.Api.Controllers.EmailAddressesRegistrationsController.Post (Api) - Validation state: Invalid 
2022-10-27 14:42:40.9398||INFO|Hangfire.SqlServer.SqlServerObjectsInstaller|Start installing Hangfire SQL objects... 
2022-10-27 14:42:41.3867||INFO|Hangfire.SqlServer.SqlServerObjectsInstaller|Hangfire SQL objects installed. 
2022-10-27 14:42:41.3867||INFO|Microsoft.AspNetCore.Mvc.Infrastructure.ControllerActionInvoker|Executed action method EPMServices.Api.Controllers.EmailAddressesRegistrationsController.Post (Api), returned result Microsoft.AspNetCore.Mvc.AcceptedResult in 1800.7143ms. 
2022-10-27 14:42:41.4064||INFO|Microsoft.AspNetCore.Mvc.Infrastructure.ObjectResultExecutor|Executing AcceptedResult, writing value of type 'EPMServices.Application.Common.Models.ESBMessage'. 
2022-10-27 14:42:41.4585||INFO|Microsoft.AspNetCore.Mvc.Infrastructure.ControllerActionInvoker|Executed action EPMServices.Api.Controllers.EmailAddressesRegistrationsController.Post (Api) in 2414.5946ms 
2022-10-27 14:42:41.4585||INFO|Microsoft.AspNetCore.Routing.EndpointMiddleware|Executed endpoint 'EPMServices.Api.Controllers.EmailAddressesRegistrationsController.Post (Api)' 
2022-10-27 14:42:41.4652||INFO|Microsoft.AspNetCore.Hosting.Diagnostics|Request finished HTTP/1.1 POST https://localhost:7053/api/EmailAddresses/Registrations application/json 295 - 202 93 application/json;+charset=utf-8 2468.0532ms 
2022-10-27 14:42:56.0413||INFO|Microsoft.AspNetCore.Hosting.Diagnostics|Request starting HTTP/1.1 POST http://localhost:5053/api/EmailAddresses/Registrations application/json 209 
2022-10-27 14:42:56.0413||INFO|Microsoft.AspNetCore.Hosting.Diagnostics|Request finished HTTP/1.1 POST http://localhost:5053/api/EmailAddresses/Registrations application/json 209 - 307 0 - 0.7582ms 
2022-10-27 14:42:56.0501||INFO|Microsoft.AspNetCore.Hosting.Diagnostics|Request starting HTTP/1.1 POST https://localhost:7053/api/EmailAddresses/Registrations application/json 209 
2022-10-27 14:42:56.0501||INFO|Microsoft.AspNetCore.Routing.EndpointMiddleware|Executing endpoint 'EPMServices.Api.Controllers.EmailAddressesRegistrationsController.Post (Api)' 
2022-10-27 14:42:56.0501||INFO|Microsoft.AspNetCore.Mvc.Infrastructure.ControllerActionInvoker|Route matched with {action = "Post", controller = "EmailAddressesRegistrations"}. Executing controller action with signature System.Threading.Tasks.Task`1[Microsoft.AspNetCore.Mvc.ActionResult`1[EPMServices.Application.Common.Models.ESBMessage]] Post(EPMServices.Application.Common.Models.EmailAddressRegistration.EmailAddressRegistrationRequest) on controller EPMServices.Api.Controllers.EmailAddressesRegistrationsController (Api). 
2022-10-27 14:42:56.1548||INFO|Microsoft.AspNetCore.Mvc.Infrastructure.ControllerActionInvoker|Executing action method EPMServices.Api.Controllers.EmailAddressesRegistrationsController.Post (Api) - Validation state: Invalid 
2022-10-27 14:42:56.9067||INFO|Microsoft.AspNetCore.Mvc.Infrastructure.ControllerActionInvoker|Executed action EPMServices.Api.Controllers.EmailAddressesRegistrationsController.Post (Api) in 854.1768ms 
2022-10-27 14:42:56.9067||INFO|Microsoft.AspNetCore.Routing.EndpointMiddleware|Executed endpoint 'EPMServices.Api.Controllers.EmailAddressesRegistrationsController.Post (Api)' 
2022-10-27 14:42:57.0056||INFO|Microsoft.AspNetCore.Hosting.Diagnostics|Request finished HTTP/1.1 POST https://localhost:7053/api/EmailAddresses/Registrations application/json 209 - 400 - application/json 955.3009ms 
2022-10-27 14:43:10.0217||INFO|Microsoft.AspNetCore.Hosting.Diagnostics|Request starting HTTP/1.1 POST http://localhost:5053/api/EmailAddresses/Registrations application/json 292 
2022-10-27 14:43:10.0217||INFO|Microsoft.AspNetCore.Hosting.Diagnostics|Request finished HTTP/1.1 POST http://localhost:5053/api/EmailAddresses/Registrations application/json 292 - 307 0 - 0.4574ms 
2022-10-27 14:43:10.0217||INFO|Microsoft.AspNetCore.Hosting.Diagnostics|Request starting HTTP/1.1 POST https://localhost:7053/api/EmailAddresses/Registrations application/json 292 
2022-10-27 14:43:10.0217||INFO|Microsoft.AspNetCore.Routing.EndpointMiddleware|Executing endpoint 'EPMServices.Api.Controllers.EmailAddressesRegistrationsController.Post (Api)' 
2022-10-27 14:43:10.0217||INFO|Microsoft.AspNetCore.Mvc.Infrastructure.ControllerActionInvoker|Route matched with {action = "Post", controller = "EmailAddressesRegistrations"}. Executing controller action with signature System.Threading.Tasks.Task`1[Microsoft.AspNetCore.Mvc.ActionResult`1[EPMServices.Application.Common.Models.ESBMessage]] Post(EPMServices.Application.Common.Models.EmailAddressRegistration.EmailAddressRegistrationRequest) on controller EPMServices.Api.Controllers.EmailAddressesRegistrationsController (Api). 
2022-10-27 14:43:10.0633||INFO|Microsoft.AspNetCore.Mvc.Infrastructure.ControllerActionInvoker|Executing action method EPMServices.Api.Controllers.EmailAddressesRegistrationsController.Post (Api) - Validation state: Invalid 
2022-10-27 14:43:55.2890||INFO|Microsoft.Hosting.Lifetime|Now listening on: https://localhost:7053 
2022-10-27 14:43:55.3107||INFO|Microsoft.Hosting.Lifetime|Now listening on: http://localhost:5053 
2022-10-27 14:43:55.3107||INFO|Microsoft.Hosting.Lifetime|Application started. Press Ctrl+C to shut down. 
2022-10-27 14:43:55.3107||INFO|Microsoft.Hosting.Lifetime|Hosting environment: Development 
2022-10-27 14:43:55.3107||INFO|Microsoft.Hosting.Lifetime|Content root path: C:\dev\EPM-Services\src\Api 
2022-10-27 14:43:56.4208||INFO|Microsoft.AspNetCore.Hosting.Diagnostics|Request starting HTTP/2 GET https://localhost:7053/ - - 
2022-10-27 14:43:56.5542||INFO|Microsoft.AspNetCore.ResponseCaching.ResponseCachingMiddleware|No cached response available for this request. 
2022-10-27 14:43:56.5738||INFO|Microsoft.AspNetCore.ResponseCaching.ResponseCachingMiddleware|The response could not be cached for this request. 
2022-10-27 14:43:56.6097||INFO|Microsoft.AspNetCore.Hosting.Diagnostics|Request finished HTTP/2 GET https://localhost:7053/ - - - 404 0 - 189.6057ms 
2022-10-27 14:44:11.8678||INFO|Microsoft.AspNetCore.Hosting.Diagnostics|Request starting HTTP/1.1 POST http://localhost:5053/api/EmailAddresses/Registrations application/json 292 
2022-10-27 14:44:11.9053||INFO|Microsoft.AspNetCore.Hosting.Diagnostics|Request finished HTTP/1.1 POST http://localhost:5053/api/EmailAddresses/Registrations application/json 292 - 307 0 - 37.5651ms 
2022-10-27 14:44:11.9383||INFO|Microsoft.AspNetCore.Hosting.Diagnostics|Request starting HTTP/1.1 POST https://localhost:7053/api/EmailAddresses/Registrations application/json 292 
2022-10-27 14:44:11.9383||INFO|Microsoft.AspNetCore.Routing.EndpointMiddleware|Executing endpoint 'EPMServices.Api.Controllers.EmailAddressesRegistrationsController.Post (Api)' 
2022-10-27 14:44:11.9921||INFO|Microsoft.AspNetCore.Mvc.Infrastructure.ControllerActionInvoker|Route matched with {action = "Post", controller = "EmailAddressesRegistrations"}. Executing controller action with signature System.Threading.Tasks.Task`1[Microsoft.AspNetCore.Mvc.ActionResult`1[EPMServices.Application.Common.Models.ESBMessage]] Post(EPMServices.Application.Common.Models.EmailAddressRegistration.EmailAddressRegistrationRequest) on controller EPMServices.Api.Controllers.EmailAddressesRegistrationsController (Api). 
2022-10-27 14:44:12.4064||INFO|Microsoft.AspNetCore.Mvc.Infrastructure.ControllerActionInvoker|Executing action method EPMServices.Api.Controllers.EmailAddressesRegistrationsController.Post (Api) - Validation state: Invalid 
2022-10-27 14:44:13.6157||INFO|Hangfire.SqlServer.SqlServerObjectsInstaller|Start installing Hangfire SQL objects... 
2022-10-27 14:44:14.0742||INFO|Hangfire.SqlServer.SqlServerObjectsInstaller|Hangfire SQL objects installed. 
2022-10-27 14:44:14.0911||INFO|Microsoft.AspNetCore.Mvc.Infrastructure.ControllerActionInvoker|Executed action method EPMServices.Api.Controllers.EmailAddressesRegistrationsController.Post (Api), returned result Microsoft.AspNetCore.Mvc.AcceptedResult in 1680.4992ms. 
2022-10-27 14:44:14.0911||INFO|Microsoft.AspNetCore.Mvc.Infrastructure.ObjectResultExecutor|Executing AcceptedResult, writing value of type 'EPMServices.Application.Common.Models.ESBMessage'. 
2022-10-27 14:44:14.1582||INFO|Microsoft.AspNetCore.Mvc.Infrastructure.ControllerActionInvoker|Executed action EPMServices.Api.Controllers.EmailAddressesRegistrationsController.Post (Api) in 2156.5466ms 
2022-10-27 14:44:14.1582||INFO|Microsoft.AspNetCore.Routing.EndpointMiddleware|Executed endpoint 'EPMServices.Api.Controllers.EmailAddressesRegistrationsController.Post (Api)' 
2022-10-27 14:44:14.1582||INFO|Microsoft.AspNetCore.Hosting.Diagnostics|Request finished HTTP/1.1 POST https://localhost:7053/api/EmailAddresses/Registrations application/json 292 - 202 92 application/json;+charset=utf-8 2227.9714ms 
2022-10-27 14:44:23.0331||INFO|Microsoft.AspNetCore.Hosting.Diagnostics|Request starting HTTP/1.1 POST http://localhost:5053/api/EmailAddresses/Registrations application/json 294 
2022-10-27 14:44:23.0331||INFO|Microsoft.AspNetCore.Hosting.Diagnostics|Request finished HTTP/1.1 POST http://localhost:5053/api/EmailAddresses/Registrations application/json 294 - 307 0 - 10.7486ms 
2022-10-27 14:44:23.0471||INFO|Microsoft.AspNetCore.Hosting.Diagnostics|Request starting HTTP/1.1 POST https://localhost:7053/api/EmailAddresses/Registrations application/json 294 
2022-10-27 14:44:23.0471||INFO|Microsoft.AspNetCore.Routing.EndpointMiddleware|Executing endpoint 'EPMServices.Api.Controllers.EmailAddressesRegistrationsController.Post (Api)' 
2022-10-27 14:44:23.0471||INFO|Microsoft.AspNetCore.Mvc.Infrastructure.ControllerActionInvoker|Route matched with {action = "Post", controller = "EmailAddressesRegistrations"}. Executing controller action with signature System.Threading.Tasks.Task`1[Microsoft.AspNetCore.Mvc.ActionResult`1[EPMServices.Application.Common.Models.ESBMessage]] Post(EPMServices.Application.Common.Models.EmailAddressRegistration.EmailAddressRegistrationRequest) on controller EPMServices.Api.Controllers.EmailAddressesRegistrationsController (Api). 
2022-10-27 14:44:23.1068||INFO|Microsoft.AspNetCore.Mvc.Infrastructure.ControllerActionInvoker|Executing action method EPMServices.Api.Controllers.EmailAddressesRegistrationsController.Post (Api) - Validation state: Invalid 
2022-10-27 14:44:23.7615||INFO|Microsoft.AspNetCore.Mvc.Infrastructure.ControllerActionInvoker|Executed action EPMServices.Api.Controllers.EmailAddressesRegistrationsController.Post (Api) in 713.6829ms 
2022-10-27 14:44:23.7615||INFO|Microsoft.AspNetCore.Routing.EndpointMiddleware|Executed endpoint 'EPMServices.Api.Controllers.EmailAddressesRegistrationsController.Post (Api)' 
2022-10-27 14:44:23.8554||INFO|Microsoft.AspNetCore.Hosting.Diagnostics|Request finished HTTP/1.1 POST https://localhost:7053/api/EmailAddresses/Registrations application/json 294 - 400 - application/json 808.2059ms 
