2022-12-19 10:24:11.0526||INFO|Microsoft.Hosting.Lifetime|Now listening on: https://localhost:7053 
2022-12-19 10:24:11.0737||INFO|Microsoft.Hosting.Lifetime|Now listening on: http://localhost:5053 
2022-12-19 10:24:11.0737||INFO|Microsoft.Hosting.Lifetime|Application started. Press Ctrl+C to shut down. 
2022-12-19 10:24:11.0737||INFO|Microsoft.Hosting.Lifetime|Hosting environment: Development 
2022-12-19 10:24:11.0737||INFO|Microsoft.Hosting.Lifetime|Content root path: C:\dev\EPM-Services\src\Api 
2022-12-19 10:24:11.7190||INFO|Microsoft.AspNetCore.Hosting.Diagnostics|Request starting HTTP/2 GET https://localhost:7053/ - - 
2022-12-19 10:24:11.8933||INFO|Microsoft.AspNetCore.ResponseCaching.ResponseCachingMiddleware|No cached response available for this request. 
2022-12-19 10:24:11.8933||INFO|Microsoft.AspNetCore.ResponseCaching.ResponseCachingMiddleware|The response could not be cached for this request. 
2022-12-19 10:24:11.9543||INFO|Microsoft.AspNetCore.Hosting.Diagnostics|Request finished HTTP/2 GET https://localhost:7053/ - - - 404 0 - 243.2685ms 
2022-12-19 10:27:48.3824||INFO|Microsoft.AspNetCore.Hosting.Diagnostics|Request starting HTTP/1.1 POST http://localhost:5053/api/EmailAddresses/Registrations application/json 489 
2022-12-19 10:27:48.3824||INFO|Microsoft.AspNetCore.Hosting.Diagnostics|Request finished HTTP/1.1 POST http://localhost:5053/api/EmailAddresses/Registrations application/json 489 - 307 0 - 11.0689ms 
2022-12-19 10:27:48.4813||INFO|Microsoft.AspNetCore.Hosting.Diagnostics|Request starting HTTP/1.1 POST https://localhost:7053/api/EmailAddresses/Registrations application/json 489 
2022-12-19 10:27:48.4907||INFO|Microsoft.AspNetCore.Routing.EndpointMiddleware|Executing endpoint 'EPMServices.Api.Controllers.EmailAddressesRegistrationsController.Post (Api)' 
2022-12-19 10:27:48.5868||INFO|Microsoft.AspNetCore.Mvc.Infrastructure.ControllerActionInvoker|Route matched with {action = "Post", controller = "EmailAddressesRegistrations"}. Executing controller action with signature System.Threading.Tasks.Task`1[Microsoft.AspNetCore.Mvc.ActionResult`1[EPMServices.Application.Common.Models.ESBMessage]] Post(EPMServices.Application.Common.Models.EmailAddressRegistration.EmailAddressRegistrationRequest) on controller EPMServices.Api.Controllers.EmailAddressesRegistrationsController (Api). 
2022-12-19 10:27:50.4078||WARN|Microsoft.EntityFrameworkCore.Model.Validation|Sensitive data logging is enabled. Log entries and exception messages may include sensitive application data; this mode should only be enabled during development. 
2022-12-19 10:27:53.9950||INFO|Hangfire.SqlServer.SqlServerObjectsInstaller|Start installing Hangfire SQL objects... 
2022-12-19 10:27:54.4608||INFO|Hangfire.SqlServer.SqlServerObjectsInstaller|Hangfire SQL objects installed. 
2022-12-19 10:27:55.2750||INFO|Microsoft.AspNetCore.Mvc.Infrastructure.ObjectResultExecutor|Executing AcceptedResult, writing value of type 'EPMServices.Application.Common.Models.ESBMessage'. 
2022-12-19 10:27:55.2956||INFO|Microsoft.AspNetCore.Mvc.Infrastructure.ControllerActionInvoker|Executed action EPMServices.Api.Controllers.EmailAddressesRegistrationsController.Post (Api) in 6705.8967ms 
2022-12-19 10:27:55.2956||INFO|Microsoft.AspNetCore.Routing.EndpointMiddleware|Executed endpoint 'EPMServices.Api.Controllers.EmailAddressesRegistrationsController.Post (Api)' 
2022-12-19 10:27:55.3103||INFO|Microsoft.AspNetCore.Hosting.Diagnostics|Request finished HTTP/1.1 POST https://localhost:7053/api/EmailAddresses/Registrations application/json 489 - 202 93 application/json;+charset=utf-8 6828.9665ms 
2022-12-19 10:29:54.7601||INFO|Microsoft.Hosting.Lifetime|Application is shutting down... 
