2023-01-03 14:24:39.2046||INFO|Microsoft.Hosting.Lifetime|Now listening on: https://localhost:7053 
2023-01-03 14:24:39.2350||INFO|Microsoft.Hosting.Lifetime|Now listening on: http://localhost:5053 
2023-01-03 14:24:39.2350||INFO|Microsoft.Hosting.Lifetime|Application started. Press Ctrl+C to shut down. 
2023-01-03 14:24:39.2350||INFO|Microsoft.Hosting.Lifetime|Hosting environment: Development 
2023-01-03 14:24:39.2350||INFO|Microsoft.Hosting.Lifetime|Content root path: C:\dev\EPM-Services\src\Api 
2023-01-03 14:24:40.5571||INFO|Microsoft.AspNetCore.Hosting.Diagnostics|Request starting HTTP/2 GET https://localhost:7053/ - - 
2023-01-03 14:24:40.7289||INFO|Microsoft.AspNetCore.ResponseCaching.ResponseCachingMiddleware|No cached response available for this request. 
2023-01-03 14:24:40.7629||INFO|Microsoft.AspNetCore.ResponseCaching.ResponseCachingMiddleware|The response could not be cached for this request. 
2023-01-03 14:24:40.8395||INFO|Microsoft.AspNetCore.Hosting.Diagnostics|Request finished HTTP/2 GET https://localhost:7053/ - - - 404 0 - 283.7347ms 
2023-01-03 14:40:15.1027||INFO|Microsoft.AspNetCore.Hosting.Diagnostics|Request starting HTTP/1.1 POST http://localhost:5053/api/questions/1 application/json 459 
2023-01-03 14:40:15.1522||INFO|Microsoft.AspNetCore.Hosting.Diagnostics|Request finished HTTP/1.1 POST http://localhost:5053/api/questions/1 application/json 459 - 307 0 - 49.5526ms 
2023-01-03 14:40:15.2139||INFO|Microsoft.AspNetCore.Hosting.Diagnostics|Request starting HTTP/1.1 POST https://localhost:7053/api/questions/1 application/json 459 
2023-01-03 14:40:15.2139||INFO|Microsoft.AspNetCore.Routing.EndpointMiddleware|Executing endpoint '405 HTTP Method Not Supported' 
2023-01-03 14:40:15.2139||INFO|Microsoft.AspNetCore.Routing.EndpointMiddleware|Executed endpoint '405 HTTP Method Not Supported' 
2023-01-03 14:40:15.2139||INFO|Microsoft.AspNetCore.Hosting.Diagnostics|Request finished HTTP/1.1 POST https://localhost:7053/api/questions/1 application/json 459 - 405 0 - 6.1214ms 
2023-01-03 14:52:14.4869||INFO|Microsoft.Hosting.Lifetime|Now listening on: https://localhost:7053 
2023-01-03 14:52:14.5045||INFO|Microsoft.Hosting.Lifetime|Now listening on: http://localhost:5053 
2023-01-03 14:52:14.5045||INFO|Microsoft.Hosting.Lifetime|Application started. Press Ctrl+C to shut down. 
2023-01-03 14:52:14.5045||INFO|Microsoft.Hosting.Lifetime|Hosting environment: Development 
2023-01-03 14:52:14.5045||INFO|Microsoft.Hosting.Lifetime|Content root path: C:\dev\EPM-Services\src\Api 
2023-01-03 14:52:15.7244||INFO|Microsoft.AspNetCore.Hosting.Diagnostics|Request starting HTTP/2 GET https://localhost:7053/ - - 
2023-01-03 14:52:15.9203||INFO|Microsoft.AspNetCore.ResponseCaching.ResponseCachingMiddleware|No cached response available for this request. 
2023-01-03 14:52:15.9656||INFO|Microsoft.AspNetCore.ResponseCaching.ResponseCachingMiddleware|The response could not be cached for this request. 
2023-01-03 14:52:16.1190||INFO|Microsoft.AspNetCore.Hosting.Diagnostics|Request finished HTTP/2 GET https://localhost:7053/ - - - 404 0 - 395.7894ms 
2023-01-03 14:53:19.6732||INFO|Microsoft.AspNetCore.Hosting.Diagnostics|Request starting HTTP/1.1 GET http://localhost:5053/api/questions/1 application/json 459 
2023-01-03 14:53:19.7077||INFO|Microsoft.AspNetCore.Hosting.Diagnostics|Request finished HTTP/1.1 GET http://localhost:5053/api/questions/1 application/json 459 - 307 0 - 34.5587ms 
2023-01-03 14:53:19.7841||INFO|Microsoft.AspNetCore.Hosting.Diagnostics|Request starting HTTP/1.1 GET https://localhost:7053/api/questions/1 application/json 459 
2023-01-03 14:53:19.7897||INFO|Microsoft.AspNetCore.Routing.EndpointMiddleware|Executing endpoint 'EPMServices.Api.Controllers.QuestionsController.GetQuestionById (Api)' 
2023-01-03 14:53:19.8320||INFO|Microsoft.AspNetCore.Mvc.Infrastructure.ControllerActionInvoker|Route matched with {action = "GetQuestionById", controller = "Questions"}. Executing controller action with signature System.Threading.Tasks.Task`1[Microsoft.AspNetCore.Mvc.ActionResult`1[EPMServicse.Application.Common.Models.Question.GetQuestionByIdResponse]] GetQuestionById(Int32) on controller EPMServices.Api.Controllers.QuestionsController (Api). 
2023-01-03 14:53:20.0317||INFO|Microsoft.AspNetCore.Mvc.Infrastructure.ControllerActionInvoker|Executing action method EPMServices.Api.Controllers.QuestionsController.GetQuestionById (Api) - Validation state: Valid 
2023-01-03 14:53:21.2379||WARN|Microsoft.EntityFrameworkCore.Model.Validation|Sensitive data logging is enabled. Log entries and exception messages may include sensitive application data; this mode should only be enabled during development. 
2023-01-03 14:53:23.4722||INFO|Microsoft.AspNetCore.Mvc.Infrastructure.ControllerActionInvoker|Executed action method EPMServices.Api.Controllers.QuestionsController.GetQuestionById (Api), returned result Microsoft.AspNetCore.Mvc.AcceptedResult in 3436.584ms. 
2023-01-03 14:53:23.4813||INFO|Microsoft.AspNetCore.Mvc.Infrastructure.ObjectResultExecutor|Executing AcceptedResult, writing value of type 'EPMServicse.Application.Common.Models.Question.GetQuestionByIdResponse'. 
2023-01-03 14:53:23.6755||INFO|Microsoft.AspNetCore.Mvc.Infrastructure.ControllerActionInvoker|Executed action EPMServices.Api.Controllers.QuestionsController.GetQuestionById (Api) in 3839.492ms 
2023-01-03 14:53:23.6755||INFO|Microsoft.AspNetCore.Routing.EndpointMiddleware|Executed endpoint 'EPMServices.Api.Controllers.QuestionsController.GetQuestionById (Api)' 
2023-01-03 14:53:23.6755||INFO|Microsoft.AspNetCore.ResponseCaching.ResponseCachingMiddleware|The response could not be cached for this request. 
2023-01-03 14:53:23.6969||INFO|Microsoft.AspNetCore.Hosting.Diagnostics|Request finished HTTP/1.1 GET https://localhost:7053/api/questions/1 application/json 459 - 202 48 application/json;+charset=utf-8 3912.8609ms 
