2023-01-24 20:26:24.7976||INFO|Microsoft.Hosting.Lifetime|Now listening on: https://localhost:7053 
2023-01-24 20:26:24.8133||INFO|Microsoft.Hosting.Lifetime|Now listening on: http://localhost:5053 
2023-01-24 20:26:24.8133||INFO|Microsoft.Hosting.Lifetime|Application started. Press Ctrl+C to shut down. 
2023-01-24 20:26:24.8133||INFO|Microsoft.Hosting.Lifetime|Hosting environment: Development 
2023-01-24 20:26:24.8133||INFO|Microsoft.Hosting.Lifetime|Content root path: C:\Code\Assessment\src\Api 
2023-01-24 20:26:25.3081||INFO|Microsoft.AspNetCore.Hosting.Diagnostics|Request starting HTTP/2 GET https://localhost:7053/ - - 
2023-01-24 20:26:25.4088||ERROR|Microsoft.AspNetCore.Diagnostics.DeveloperExceptionPageMiddleware|An unhandled exception has occurred while executing the request. Microsoft.AspNetCore.Routing.Patterns.RoutePatternException: There is an incomplete parameter in the route template. Check that each '{' character has a matching '}' character.
   at Microsoft.AspNetCore.Routing.Patterns.RoutePatternParser.Parse(String pattern)
   at Microsoft.AspNetCore.Routing.Patterns.RoutePatternFactory.Parse(String pattern)
   at Microsoft.AspNetCore.Mvc.Routing.ActionEndpointFactory.AddEndpoints(List`1 endpoints, HashSet`1 routeNames, ActionDescriptor action, IReadOnlyList`1 routes, IReadOnlyList`1 conventions, Boolean createInertEndpoints)
   at Microsoft.AspNetCore.Mvc.Routing.ControllerActionEndpointDataSource.CreateEndpoints(IReadOnlyList`1 actions, IReadOnlyList`1 conventions)
   at Microsoft.AspNetCore.Mvc.Routing.ActionEndpointDataSourceBase.UpdateEndpoints()
   at Microsoft.AspNetCore.Mvc.Routing.ActionEndpointDataSourceBase.Initialize()
   at Microsoft.AspNetCore.Mvc.Routing.ActionEndpointDataSourceBase.get_Endpoints()
   at Microsoft.AspNetCore.Routing.CompositeEndpointDataSource.<>c.<Initialize>b__15_0(EndpointDataSource d)
   at System.Linq.Enumerable.SelectManySingleSelectorIterator`2.ToArray()
   at System.Linq.Enumerable.ToArray[TSource](IEnumerable`1 source)
   at Microsoft.AspNetCore.Routing.CompositeEndpointDataSource.Initialize()
   at Microsoft.AspNetCore.Routing.DataSourceDependentCache`1.Initialize()
   at System.Threading.LazyInitializer.EnsureInitializedCore[T](T& target, Boolean& initialized, Object& syncLock, Func`1 valueFactory)
   at System.Threading.LazyInitializer.EnsureInitialized[T](T& target, Boolean& initialized, Object& syncLock, Func`1 valueFactory)
   at Microsoft.AspNetCore.Routing.Matching.DataSourceDependentMatcher..ctor(EndpointDataSource dataSource, Lifetime lifetime, Func`1 matcherBuilderFactory)
   at Microsoft.AspNetCore.Routing.Matching.DfaMatcherFactory.CreateMatcher(EndpointDataSource dataSource)
   at Microsoft.AspNetCore.Routing.EndpointRoutingMiddleware.InitializeCoreAsync()
--- End of stack trace from previous location ---
   at Microsoft.AspNetCore.Routing.EndpointRoutingMiddleware.<Invoke>g__AwaitMatcher|8_0(EndpointRoutingMiddleware middleware, HttpContext httpContext, Task`1 matcherTask)
   at NSwag.AspNetCore.Middlewares.SwaggerUiIndexMiddleware.Invoke(HttpContext context)
   at NSwag.AspNetCore.Middlewares.RedirectToIndexMiddleware.Invoke(HttpContext context)
   at NSwag.AspNetCore.Middlewares.OpenApiDocumentMiddleware.Invoke(HttpContext context)
   at Microsoft.AspNetCore.Diagnostics.DeveloperExceptionPageMiddleware.Invoke(HttpContext context)
2023-01-24 20:26:26.2130||INFO|Microsoft.AspNetCore.Hosting.Diagnostics|Request finished HTTP/2 GET https://localhost:7053/ - - - 500 - text/html;+charset=utf-8 907.1491ms 
2023-01-24 20:26:26.2377||INFO|Microsoft.AspNetCore.Hosting.Diagnostics|Request starting HTTP/2 GET https://localhost:7053/_framework/aspnetcore-browser-refresh.js - - 
2023-01-24 20:26:26.2467||INFO|Microsoft.AspNetCore.Hosting.Diagnostics|Request finished HTTP/2 GET https://localhost:7053/_framework/aspnetcore-browser-refresh.js - - - 200 11964 application/javascript;+charset=utf-8 9.0454ms 
2023-01-24 20:26:26.4676||INFO|Microsoft.AspNetCore.Hosting.Diagnostics|Request starting HTTP/2 GET https://localhost:7053/favicon.ico - - 
2023-01-24 20:26:26.4990||INFO|Microsoft.AspNetCore.StaticFiles.StaticFileMiddleware|Sending file. Request path: '/favicon.ico'. Physical path: 'C:\Code\Assessment\src\Api\wwwroot\favicon.ico' 
2023-01-24 20:26:26.4990||INFO|Microsoft.AspNetCore.Hosting.Diagnostics|Request finished HTTP/2 GET https://localhost:7053/favicon.ico - - - 200 5430 image/x-icon 31.8843ms 
2023-01-24 20:27:31.6936||INFO|Microsoft.Hosting.Lifetime|Application is shutting down... 
2023-01-24 20:28:09.7209||INFO|Microsoft.Hosting.Lifetime|Now listening on: https://localhost:7053 
2023-01-24 20:28:09.7554||INFO|Microsoft.Hosting.Lifetime|Now listening on: http://localhost:5053 
2023-01-24 20:28:09.7601||INFO|Microsoft.Hosting.Lifetime|Application started. Press Ctrl+C to shut down. 
2023-01-24 20:28:09.7601||INFO|Microsoft.Hosting.Lifetime|Hosting environment: Development 
2023-01-24 20:28:09.7601||INFO|Microsoft.Hosting.Lifetime|Content root path: C:\Code\Assessment\src\Api 
2023-01-24 20:28:10.1928||INFO|Microsoft.AspNetCore.Hosting.Diagnostics|Request starting HTTP/2 GET https://localhost:7053/ - - 
2023-01-24 20:28:10.4045||ERROR|Microsoft.AspNetCore.Diagnostics.DeveloperExceptionPageMiddleware|An unhandled exception has occurred while executing the request. Microsoft.AspNetCore.Routing.Patterns.RoutePatternException: There is an incomplete parameter in the route template. Check that each '{' character has a matching '}' character.
   at Microsoft.AspNetCore.Routing.Patterns.RoutePatternParser.Parse(String pattern)
   at Microsoft.AspNetCore.Routing.Patterns.RoutePatternFactory.Parse(String pattern)
   at Microsoft.AspNetCore.Mvc.Routing.ActionEndpointFactory.AddEndpoints(List`1 endpoints, HashSet`1 routeNames, ActionDescriptor action, IReadOnlyList`1 routes, IReadOnlyList`1 conventions, Boolean createInertEndpoints)
   at Microsoft.AspNetCore.Mvc.Routing.ControllerActionEndpointDataSource.CreateEndpoints(IReadOnlyList`1 actions, IReadOnlyList`1 conventions)
   at Microsoft.AspNetCore.Mvc.Routing.ActionEndpointDataSourceBase.UpdateEndpoints()
   at Microsoft.AspNetCore.Mvc.Routing.ActionEndpointDataSourceBase.Initialize()
   at Microsoft.AspNetCore.Mvc.Routing.ActionEndpointDataSourceBase.get_Endpoints()
   at Microsoft.AspNetCore.Routing.CompositeEndpointDataSource.<>c.<Initialize>b__15_0(EndpointDataSource d)
   at System.Linq.Enumerable.SelectManySingleSelectorIterator`2.ToArray()
   at System.Linq.Enumerable.ToArray[TSource](IEnumerable`1 source)
   at Microsoft.AspNetCore.Routing.CompositeEndpointDataSource.Initialize()
   at Microsoft.AspNetCore.Routing.DataSourceDependentCache`1.Initialize()
   at System.Threading.LazyInitializer.EnsureInitializedCore[T](T& target, Boolean& initialized, Object& syncLock, Func`1 valueFactory)
   at System.Threading.LazyInitializer.EnsureInitialized[T](T& target, Boolean& initialized, Object& syncLock, Func`1 valueFactory)
   at Microsoft.AspNetCore.Routing.Matching.DataSourceDependentMatcher..ctor(EndpointDataSource dataSource, Lifetime lifetime, Func`1 matcherBuilderFactory)
   at Microsoft.AspNetCore.Routing.Matching.DfaMatcherFactory.CreateMatcher(EndpointDataSource dataSource)
   at Microsoft.AspNetCore.Routing.EndpointRoutingMiddleware.InitializeCoreAsync()
--- End of stack trace from previous location ---
   at Microsoft.AspNetCore.Routing.EndpointRoutingMiddleware.<Invoke>g__AwaitMatcher|8_0(EndpointRoutingMiddleware middleware, HttpContext httpContext, Task`1 matcherTask)
   at NSwag.AspNetCore.Middlewares.SwaggerUiIndexMiddleware.Invoke(HttpContext context)
   at NSwag.AspNetCore.Middlewares.RedirectToIndexMiddleware.Invoke(HttpContext context)
   at NSwag.AspNetCore.Middlewares.OpenApiDocumentMiddleware.Invoke(HttpContext context)
   at Microsoft.AspNetCore.Diagnostics.DeveloperExceptionPageMiddleware.Invoke(HttpContext context)
2023-01-24 20:28:10.6633||INFO|Microsoft.AspNetCore.Hosting.Diagnostics|Request finished HTTP/2 GET https://localhost:7053/ - - - 500 - text/html;+charset=utf-8 487.6924ms 
2023-01-24 20:28:10.6951||INFO|Microsoft.AspNetCore.Hosting.Diagnostics|Request starting HTTP/2 GET https://localhost:7053/_framework/aspnetcore-browser-refresh.js - - 
2023-01-24 20:28:10.7014||INFO|Microsoft.AspNetCore.Hosting.Diagnostics|Request finished HTTP/2 GET https://localhost:7053/_framework/aspnetcore-browser-refresh.js - - - 200 11964 application/javascript;+charset=utf-8 6.3181ms 
2023-01-24 20:28:26.3448||INFO|Microsoft.Hosting.Lifetime|Application is shutting down... 
2023-01-24 20:29:13.1590||INFO|Microsoft.Hosting.Lifetime|Now listening on: https://localhost:7053 
2023-01-24 20:29:13.1921||INFO|Microsoft.Hosting.Lifetime|Now listening on: http://localhost:5053 
2023-01-24 20:29:13.1921||INFO|Microsoft.Hosting.Lifetime|Application started. Press Ctrl+C to shut down. 
2023-01-24 20:29:13.1999||INFO|Microsoft.Hosting.Lifetime|Hosting environment: Development 
2023-01-24 20:29:13.1999||INFO|Microsoft.Hosting.Lifetime|Content root path: C:\Code\Assessment\src\Api 
2023-01-24 20:29:13.7884||INFO|Microsoft.AspNetCore.Hosting.Diagnostics|Request starting HTTP/2 GET https://localhost:7053/ - - 
2023-01-24 20:29:13.9342||ERROR|Microsoft.AspNetCore.Diagnostics.DeveloperExceptionPageMiddleware|An unhandled exception has occurred while executing the request. Microsoft.AspNetCore.Routing.Patterns.RoutePatternException: There is an incomplete parameter in the route template. Check that each '{' character has a matching '}' character.
   at Microsoft.AspNetCore.Routing.Patterns.RoutePatternParser.Parse(String pattern)
   at Microsoft.AspNetCore.Routing.Patterns.RoutePatternFactory.Parse(String pattern)
   at Microsoft.AspNetCore.Mvc.Routing.ActionEndpointFactory.AddEndpoints(List`1 endpoints, HashSet`1 routeNames, ActionDescriptor action, IReadOnlyList`1 routes, IReadOnlyList`1 conventions, Boolean createInertEndpoints)
   at Microsoft.AspNetCore.Mvc.Routing.ControllerActionEndpointDataSource.CreateEndpoints(IReadOnlyList`1 actions, IReadOnlyList`1 conventions)
   at Microsoft.AspNetCore.Mvc.Routing.ActionEndpointDataSourceBase.UpdateEndpoints()
   at Microsoft.AspNetCore.Mvc.Routing.ActionEndpointDataSourceBase.Initialize()
   at Microsoft.AspNetCore.Mvc.Routing.ActionEndpointDataSourceBase.get_Endpoints()
   at Microsoft.AspNetCore.Routing.CompositeEndpointDataSource.<>c.<Initialize>b__15_0(EndpointDataSource d)
   at System.Linq.Enumerable.SelectManySingleSelectorIterator`2.ToArray()
   at System.Linq.Enumerable.ToArray[TSource](IEnumerable`1 source)
   at Microsoft.AspNetCore.Routing.CompositeEndpointDataSource.Initialize()
   at Microsoft.AspNetCore.Routing.DataSourceDependentCache`1.Initialize()
   at System.Threading.LazyInitializer.EnsureInitializedCore[T](T& target, Boolean& initialized, Object& syncLock, Func`1 valueFactory)
   at System.Threading.LazyInitializer.EnsureInitialized[T](T& target, Boolean& initialized, Object& syncLock, Func`1 valueFactory)
   at Microsoft.AspNetCore.Routing.Matching.DataSourceDependentMatcher..ctor(EndpointDataSource dataSource, Lifetime lifetime, Func`1 matcherBuilderFactory)
   at Microsoft.AspNetCore.Routing.Matching.DfaMatcherFactory.CreateMatcher(EndpointDataSource dataSource)
   at Microsoft.AspNetCore.Routing.EndpointRoutingMiddleware.InitializeCoreAsync()
--- End of stack trace from previous location ---
   at Microsoft.AspNetCore.Routing.EndpointRoutingMiddleware.<Invoke>g__AwaitMatcher|8_0(EndpointRoutingMiddleware middleware, HttpContext httpContext, Task`1 matcherTask)
   at NSwag.AspNetCore.Middlewares.SwaggerUiIndexMiddleware.Invoke(HttpContext context)
   at NSwag.AspNetCore.Middlewares.RedirectToIndexMiddleware.Invoke(HttpContext context)
   at NSwag.AspNetCore.Middlewares.OpenApiDocumentMiddleware.Invoke(HttpContext context)
   at Microsoft.AspNetCore.Diagnostics.DeveloperExceptionPageMiddleware.Invoke(HttpContext context)
2023-01-24 20:29:14.1870||INFO|Microsoft.AspNetCore.Hosting.Diagnostics|Request finished HTTP/2 GET https://localhost:7053/ - - - 500 - text/html;+charset=utf-8 402.0562ms 
2023-01-24 20:29:14.2526||INFO|Microsoft.AspNetCore.Hosting.Diagnostics|Request starting HTTP/2 GET https://localhost:7053/_framework/aspnetcore-browser-refresh.js - - 
2023-01-24 20:29:14.2602||INFO|Microsoft.AspNetCore.Hosting.Diagnostics|Request finished HTTP/2 GET https://localhost:7053/_framework/aspnetcore-browser-refresh.js - - - 200 11964 application/javascript;+charset=utf-8 7.5487ms 
2023-01-24 20:30:19.0070||INFO|Microsoft.Hosting.Lifetime|Application is shutting down... 
2023-01-24 20:30:32.2875||INFO|Microsoft.Hosting.Lifetime|Now listening on: https://localhost:7053 
2023-01-24 20:30:32.3060||INFO|Microsoft.Hosting.Lifetime|Now listening on: http://localhost:5053 
2023-01-24 20:30:32.3081||INFO|Microsoft.Hosting.Lifetime|Application started. Press Ctrl+C to shut down. 
2023-01-24 20:30:32.3081||INFO|Microsoft.Hosting.Lifetime|Hosting environment: Development 
2023-01-24 20:30:32.3081||INFO|Microsoft.Hosting.Lifetime|Content root path: C:\Code\Assessment\src\Api 
2023-01-24 20:30:32.9283||INFO|Microsoft.AspNetCore.Hosting.Diagnostics|Request starting HTTP/2 GET https://localhost:7053/ - - 
2023-01-24 20:30:33.1240||INFO|Microsoft.AspNetCore.ResponseCaching.ResponseCachingMiddleware|No cached response available for this request. 
2023-01-24 20:30:33.1405||INFO|Microsoft.AspNetCore.ResponseCaching.ResponseCachingMiddleware|The response could not be cached for this request. 
2023-01-24 20:30:33.1788||INFO|Microsoft.AspNetCore.Hosting.Diagnostics|Request finished HTTP/2 GET https://localhost:7053/ - - - 404 0 - 251.4491ms 
2023-01-24 20:31:26.9851||INFO|Microsoft.AspNetCore.Hosting.Diagnostics|Request starting HTTP/1.1 GET http://localhost:5053/api/books - - 
2023-01-24 20:31:26.9964||INFO|Microsoft.AspNetCore.Hosting.Diagnostics|Request finished HTTP/1.1 GET http://localhost:5053/api/books - - - 307 0 - 11.2141ms 
2023-01-24 20:31:27.0160||INFO|Microsoft.AspNetCore.Hosting.Diagnostics|Request starting HTTP/1.1 GET https://localhost:7053/api/books - - 
2023-01-24 20:31:27.0160||INFO|Microsoft.AspNetCore.ResponseCaching.ResponseCachingMiddleware|The response could not be cached for this request. 
2023-01-24 20:31:27.0160||INFO|Microsoft.AspNetCore.Hosting.Diagnostics|Request finished HTTP/1.1 GET https://localhost:7053/api/books - - - 404 0 - 1.5332ms 
2023-01-24 20:31:53.1601||INFO|Microsoft.AspNetCore.Hosting.Diagnostics|Request starting HTTP/1.1 GET http://localhost:5053/api/Books - - 
2023-01-24 20:31:53.1601||INFO|Microsoft.AspNetCore.Hosting.Diagnostics|Request finished HTTP/1.1 GET http://localhost:5053/api/Books - - - 307 0 - 0.6116ms 
2023-01-24 20:31:53.1601||INFO|Microsoft.AspNetCore.Hosting.Diagnostics|Request starting HTTP/1.1 GET https://localhost:7053/api/Books - - 
2023-01-24 20:31:53.1601||INFO|Microsoft.AspNetCore.ResponseCaching.ResponseCachingMiddleware|The response could not be cached for this request. 
2023-01-24 20:31:53.1601||INFO|Microsoft.AspNetCore.Hosting.Diagnostics|Request finished HTTP/1.1 GET https://localhost:7053/api/Books - - - 404 0 - 0.4689ms 
2023-01-24 20:33:12.5864||INFO|Microsoft.AspNetCore.Hosting.Diagnostics|Request starting HTTP/1.1 GET http://localhost:5053/api/Books?SortBy=Author&UseSp=false - - 
2023-01-24 20:33:12.5864||INFO|Microsoft.AspNetCore.Hosting.Diagnostics|Request finished HTTP/1.1 GET http://localhost:5053/api/Books?SortBy=Author&UseSp=false - - - 307 0 - 0.8259ms 
2023-01-24 20:33:12.5864||INFO|Microsoft.AspNetCore.Hosting.Diagnostics|Request starting HTTP/1.1 GET https://localhost:7053/api/Books?SortBy=Author&UseSp=false - - 
2023-01-24 20:33:12.5864||INFO|Microsoft.AspNetCore.ResponseCaching.ResponseCachingMiddleware|The response could not be cached for this request. 
2023-01-24 20:33:12.5864||INFO|Microsoft.AspNetCore.Hosting.Diagnostics|Request finished HTTP/1.1 GET https://localhost:7053/api/Books?SortBy=Author&UseSp=false - - - 404 0 - 0.4310ms 
2023-01-24 20:33:39.3313||INFO|Microsoft.Hosting.Lifetime|Application is shutting down... 
2023-01-24 20:33:55.0684||INFO|Microsoft.Hosting.Lifetime|Now listening on: https://localhost:7053 
2023-01-24 20:33:55.1075||INFO|Microsoft.Hosting.Lifetime|Now listening on: http://localhost:5053 
2023-01-24 20:33:55.1277||INFO|Microsoft.Hosting.Lifetime|Application started. Press Ctrl+C to shut down. 
2023-01-24 20:33:55.1277||INFO|Microsoft.Hosting.Lifetime|Hosting environment: Development 
2023-01-24 20:33:55.1277||INFO|Microsoft.Hosting.Lifetime|Content root path: C:\Code\Assessment\src\Api 
2023-01-24 20:33:58.0514||INFO|Microsoft.AspNetCore.Hosting.Diagnostics|Request starting HTTP/2 GET https://localhost:7053/ - - 
2023-01-24 20:33:58.3905||INFO|Microsoft.AspNetCore.ResponseCaching.ResponseCachingMiddleware|No cached response available for this request. 
2023-01-24 20:33:58.4794||INFO|Microsoft.AspNetCore.ResponseCaching.ResponseCachingMiddleware|The response could not be cached for this request. 
2023-01-24 20:33:58.5427||INFO|Microsoft.AspNetCore.Hosting.Diagnostics|Request finished HTTP/2 GET https://localhost:7053/ - - - 404 0 - 492.8522ms 
2023-01-24 20:34:29.5315||INFO|Microsoft.AspNetCore.Hosting.Diagnostics|Request starting HTTP/1.1 GET https://localhost:7053/api/Books?SortBy=Author&UseSp=false - - 
2023-01-24 20:34:29.5315||INFO|Microsoft.AspNetCore.ResponseCaching.ResponseCachingMiddleware|The response could not be cached for this request. 
2023-01-24 20:34:29.6096||INFO|Microsoft.AspNetCore.Hosting.Diagnostics|Request finished HTTP/1.1 GET https://localhost:7053/api/Books?SortBy=Author&UseSp=false - - - 404 0 - 78.3840ms 
2023-01-24 20:34:56.8640||INFO|Microsoft.AspNetCore.Hosting.Diagnostics|Request starting HTTP/1.1 GET https://localhost:7053/api/Books?SortBy=Author&UseSp=false - - 
2023-01-24 20:34:56.8640||INFO|Microsoft.AspNetCore.ResponseCaching.ResponseCachingMiddleware|The response could not be cached for this request. 
2023-01-24 20:34:56.8640||INFO|Microsoft.AspNetCore.Hosting.Diagnostics|Request finished HTTP/1.1 GET https://localhost:7053/api/Books?SortBy=Author&UseSp=false - - - 404 0 - 2.8638ms 
2023-01-24 20:36:36.3092||INFO|Microsoft.Hosting.Lifetime|Application is shutting down... 
2023-01-24 20:37:14.8303||INFO|Microsoft.Hosting.Lifetime|Now listening on: https://localhost:7053 
2023-01-24 20:37:14.8483||INFO|Microsoft.Hosting.Lifetime|Now listening on: http://localhost:5053 
2023-01-24 20:37:14.8483||INFO|Microsoft.Hosting.Lifetime|Application started. Press Ctrl+C to shut down. 
2023-01-24 20:37:14.8617||INFO|Microsoft.Hosting.Lifetime|Hosting environment: Development 
2023-01-24 20:37:14.8617||INFO|Microsoft.Hosting.Lifetime|Content root path: C:\Code\Assessment\src\Api 
2023-01-24 20:37:16.5040||INFO|Microsoft.AspNetCore.Hosting.Diagnostics|Request starting HTTP/2 GET https://localhost:7053/ - - 
2023-01-24 20:37:16.7071||INFO|Microsoft.AspNetCore.ResponseCaching.ResponseCachingMiddleware|No cached response available for this request. 
2023-01-24 20:37:16.7604||INFO|Microsoft.AspNetCore.ResponseCaching.ResponseCachingMiddleware|The response could not be cached for this request. 
2023-01-24 20:37:16.8354||INFO|Microsoft.AspNetCore.Hosting.Diagnostics|Request finished HTTP/2 GET https://localhost:7053/ - - - 404 0 - 332.5461ms 
2023-01-24 20:37:21.8232||INFO|Microsoft.AspNetCore.Hosting.Diagnostics|Request starting HTTP/1.1 GET https://localhost:7053/api/Books?SortBy=Author&UseSp=false - - 
2023-01-24 20:37:21.8232||INFO|Microsoft.AspNetCore.Routing.EndpointMiddleware|Executing endpoint 'Assessment.Api.Controllers.BooksController.GetBooks (Api)' 
2023-01-24 20:37:21.9137||INFO|Microsoft.AspNetCore.Mvc.Infrastructure.ControllerActionInvoker|Route matched with {action = "GetBooks", controller = "Books"}. Executing controller action with signature System.Threading.Tasks.Task`1[Microsoft.AspNetCore.Mvc.ActionResult`1[Assessment.Application.Common.Models.GetBooksResponse]] GetBooks(System.String, Boolean) on controller Assessment.Api.Controllers.BooksController (Api). 
2023-01-24 20:37:22.4564||INFO|Microsoft.AspNetCore.Mvc.Infrastructure.ControllerActionInvoker|Executing action method Assessment.Api.Controllers.BooksController.GetBooks (Api) - Validation state: Valid 
2023-01-24 20:37:34.7479||WARN|Microsoft.EntityFrameworkCore.Model.Validation|Sensitive data logging is enabled. Log entries and exception messages may include sensitive application data; this mode should only be enabled during development. 
2023-01-24 20:37:38.3539||ERROR|Microsoft.EntityFrameworkCore.Query|An exception occurred while iterating over the results of a query for context type 'Assessment.Infrastructure.ApplicationDbContext'.
System.Data.SqlTypes.SqlNullValueException: Data is Null. This method or property cannot be called on Null values.
   at Microsoft.Data.SqlClient.SqlBuffer.ThrowIfNull()
   at Microsoft.Data.SqlClient.SqlBuffer.get_String()
   at Microsoft.Data.SqlClient.SqlDataReader.GetString(Int32 i)
   at lambda_method418(Closure , QueryContext , DbDataReader , ResultContext , SingleQueryResultCoordinator )
   at Microsoft.EntityFrameworkCore.Query.Internal.SingleQueryingEnumerable`1.AsyncEnumerator.MoveNextAsync() System.Data.SqlTypes.SqlNullValueException: Data is Null. This method or property cannot be called on Null values.
   at Microsoft.Data.SqlClient.SqlBuffer.ThrowIfNull()
   at Microsoft.Data.SqlClient.SqlBuffer.get_String()
   at Microsoft.Data.SqlClient.SqlDataReader.GetString(Int32 i)
   at lambda_method418(Closure , QueryContext , DbDataReader , ResultContext , SingleQueryResultCoordinator )
   at Microsoft.EntityFrameworkCore.Query.Internal.SingleQueryingEnumerable`1.AsyncEnumerator.MoveNextAsync()
2023-01-24 20:37:39.2576||INFO|Microsoft.AspNetCore.Mvc.Infrastructure.ControllerActionInvoker|Executed action Assessment.Api.Controllers.BooksController.GetBooks (Api) in 17336.7434ms 
2023-01-24 20:37:39.2576||INFO|Microsoft.AspNetCore.Routing.EndpointMiddleware|Executed endpoint 'Assessment.Api.Controllers.BooksController.GetBooks (Api)' 
2023-01-24 20:37:39.2995||ERROR|Microsoft.AspNetCore.Diagnostics.DeveloperExceptionPageMiddleware|An unhandled exception has occurred while executing the request. System.Data.SqlTypes.SqlNullValueException: Data is Null. This method or property cannot be called on Null values.
   at Microsoft.Data.SqlClient.SqlBuffer.ThrowIfNull()
   at Microsoft.Data.SqlClient.SqlBuffer.get_String()
   at Microsoft.Data.SqlClient.SqlDataReader.GetString(Int32 i)
   at lambda_method418(Closure , QueryContext , DbDataReader , ResultContext , SingleQueryResultCoordinator )
   at Microsoft.EntityFrameworkCore.Query.Internal.SingleQueryingEnumerable`1.AsyncEnumerator.MoveNextAsync()
   at Microsoft.EntityFrameworkCore.EntityFrameworkQueryableExtensions.ToListAsync[TSource](IQueryable`1 source, CancellationToken cancellationToken)
   at Microsoft.EntityFrameworkCore.EntityFrameworkQueryableExtensions.ToListAsync[TSource](IQueryable`1 source, CancellationToken cancellationToken)
   at Assessment.Application.Queries.GetBooksQuery.CommandHandler.Handle(Command request, CancellationToken cancellationToken) in C:\Code\Assessment\src\Application\Queries\GetBooksQuery.cs:line 30
   at MediatR.Pipeline.RequestExceptionProcessorBehavior`2.Handle(TRequest request, RequestHandlerDelegate`1 next, CancellationToken cancellationToken)
   at MediatR.Pipeline.RequestExceptionProcessorBehavior`2.Handle(TRequest request, RequestHandlerDelegate`1 next, CancellationToken cancellationToken)
   at MediatR.Pipeline.RequestExceptionActionProcessorBehavior`2.Handle(TRequest request, RequestHandlerDelegate`1 next, CancellationToken cancellationToken)
   at MediatR.Pipeline.RequestExceptionActionProcessorBehavior`2.Handle(TRequest request, RequestHandlerDelegate`1 next, CancellationToken cancellationToken)
   at MediatR.Pipeline.RequestPostProcessorBehavior`2.Handle(TRequest request, RequestHandlerDelegate`1 next, CancellationToken cancellationToken)
   at MediatR.Pipeline.RequestPreProcessorBehavior`2.Handle(TRequest request, RequestHandlerDelegate`1 next, CancellationToken cancellationToken)
   at Assessment.Application.Book.GetBooks.CommandHandler.Handle(Command request, CancellationToken cancellationToken) in C:\Code\Assessment\src\Application\Book\GetBooks.cs:line 32
   at MediatR.Pipeline.RequestExceptionProcessorBehavior`2.Handle(TRequest request, RequestHandlerDelegate`1 next, CancellationToken cancellationToken)
   at MediatR.Pipeline.RequestExceptionProcessorBehavior`2.Handle(TRequest request, RequestHandlerDelegate`1 next, CancellationToken cancellationToken)
   at MediatR.Pipeline.RequestExceptionActionProcessorBehavior`2.Handle(TRequest request, RequestHandlerDelegate`1 next, CancellationToken cancellationToken)
   at MediatR.Pipeline.RequestExceptionActionProcessorBehavior`2.Handle(TRequest request, RequestHandlerDelegate`1 next, CancellationToken cancellationToken)
   at MediatR.Pipeline.RequestPostProcessorBehavior`2.Handle(TRequest request, RequestHandlerDelegate`1 next, CancellationToken cancellationToken)
   at MediatR.Pipeline.RequestPreProcessorBehavior`2.Handle(TRequest request, RequestHandlerDelegate`1 next, CancellationToken cancellationToken)
   at Assessment.Api.Controllers.BooksController.GetBooks(String sortBy, Boolean useSp) in C:\Code\Assessment\src\Api\Controllers\BooksController.cs:line 17
   at lambda_method397(Closure , Object )
   at Microsoft.AspNetCore.Mvc.Infrastructure.ActionMethodExecutor.AwaitableObjectResultExecutor.Execute(IActionResultTypeMapper mapper, ObjectMethodExecutor executor, Object controller, Object[] arguments)
   at Microsoft.AspNetCore.Mvc.Infrastructure.ControllerActionInvoker.<InvokeActionMethodAsync>g__Logged|12_1(ControllerActionInvoker invoker)
   at Microsoft.AspNetCore.Mvc.Infrastructure.ControllerActionInvoker.<InvokeNextActionFilterAsync>g__Awaited|10_0(ControllerActionInvoker invoker, Task lastTask, State next, Scope scope, Object state, Boolean isCompleted)
   at Microsoft.AspNetCore.Mvc.Infrastructure.ControllerActionInvoker.Rethrow(ActionExecutedContextSealed context)
   at Microsoft.AspNetCore.Mvc.Infrastructure.ControllerActionInvoker.Next(State& next, Scope& scope, Object& state, Boolean& isCompleted)
   at Microsoft.AspNetCore.Mvc.Infrastructure.ControllerActionInvoker.<InvokeInnerFilterAsync>g__Awaited|13_0(ControllerActionInvoker invoker, Task lastTask, State next, Scope scope, Object state, Boolean isCompleted)
   at Microsoft.AspNetCore.Mvc.Infrastructure.ResourceInvoker.<InvokeNextResourceFilter>g__Awaited|25_0(ResourceInvoker invoker, Task lastTask, State next, Scope scope, Object state, Boolean isCompleted)
   at Microsoft.AspNetCore.Mvc.Infrastructure.ResourceInvoker.Rethrow(ResourceExecutedContextSealed context)
   at Microsoft.AspNetCore.Mvc.Infrastructure.ResourceInvoker.Next(State& next, Scope& scope, Object& state, Boolean& isCompleted)
   at Microsoft.AspNetCore.Mvc.Infrastructure.ResourceInvoker.<InvokeFilterPipelineAsync>g__Awaited|20_0(ResourceInvoker invoker, Task lastTask, State next, Scope scope, Object state, Boolean isCompleted)
   at Microsoft.AspNetCore.Mvc.Infrastructure.ResourceInvoker.<InvokeAsync>g__Logged|17_1(ResourceInvoker invoker)
   at Microsoft.AspNetCore.Mvc.Infrastructure.ResourceInvoker.<InvokeAsync>g__Logged|17_1(ResourceInvoker invoker)
   at Microsoft.AspNetCore.Routing.EndpointMiddleware.<Invoke>g__AwaitRequestTask|6_0(Endpoint endpoint, Task requestTask, ILogger logger)
   at Microsoft.AspNetCore.Authorization.AuthorizationMiddleware.Invoke(HttpContext context)
   at Microsoft.AspNetCore.ResponseCaching.ResponseCachingMiddleware.Invoke(HttpContext httpContext)
   at NSwag.AspNetCore.Middlewares.SwaggerUiIndexMiddleware.Invoke(HttpContext context)
   at NSwag.AspNetCore.Middlewares.RedirectToIndexMiddleware.Invoke(HttpContext context)
   at NSwag.AspNetCore.Middlewares.OpenApiDocumentMiddleware.Invoke(HttpContext context)
   at Microsoft.AspNetCore.Diagnostics.DeveloperExceptionPageMiddleware.Invoke(HttpContext context)
2023-01-24 20:37:39.5237||INFO|Microsoft.AspNetCore.Hosting.Diagnostics|Request finished HTTP/1.1 GET https://localhost:7053/api/Books?SortBy=Author&UseSp=false - - - 500 - text/plain;+charset=utf-8 17700.3323ms 
2023-01-24 20:40:41.8575||INFO|Microsoft.Hosting.Lifetime|Now listening on: https://localhost:7053 
2023-01-24 20:40:41.8911||INFO|Microsoft.Hosting.Lifetime|Now listening on: http://localhost:5053 
2023-01-24 20:40:41.8947||INFO|Microsoft.Hosting.Lifetime|Application started. Press Ctrl+C to shut down. 
2023-01-24 20:40:41.8947||INFO|Microsoft.Hosting.Lifetime|Hosting environment: Development 
2023-01-24 20:40:41.8947||INFO|Microsoft.Hosting.Lifetime|Content root path: C:\Code\Assessment\src\Api 
2023-01-24 20:40:43.7970||INFO|Microsoft.AspNetCore.Hosting.Diagnostics|Request starting HTTP/2 GET https://localhost:7053/ - - 
2023-01-24 20:40:44.0649||INFO|Microsoft.AspNetCore.ResponseCaching.ResponseCachingMiddleware|No cached response available for this request. 
2023-01-24 20:40:44.1012||INFO|Microsoft.AspNetCore.ResponseCaching.ResponseCachingMiddleware|The response could not be cached for this request. 
2023-01-24 20:40:44.2436||INFO|Microsoft.AspNetCore.Hosting.Diagnostics|Request finished HTTP/2 GET https://localhost:7053/ - - - 404 0 - 449.5522ms 
2023-01-24 20:40:50.0494||INFO|Microsoft.AspNetCore.Hosting.Diagnostics|Request starting HTTP/1.1 GET https://localhost:7053/api/Books?SortBy=Author&UseSp=false - - 
2023-01-24 20:40:50.0556||INFO|Microsoft.AspNetCore.Routing.EndpointMiddleware|Executing endpoint 'Assessment.Api.Controllers.BooksController.GetBooks (Api)' 
2023-01-24 20:40:50.1067||INFO|Microsoft.AspNetCore.Mvc.Infrastructure.ControllerActionInvoker|Route matched with {action = "GetBooks", controller = "Books"}. Executing controller action with signature System.Threading.Tasks.Task`1[Microsoft.AspNetCore.Mvc.ActionResult`1[Assessment.Application.Common.Models.GetBooksResponse]] GetBooks(System.String, Boolean) on controller Assessment.Api.Controllers.BooksController (Api). 
2023-01-24 20:40:50.5839||INFO|Microsoft.AspNetCore.Mvc.Infrastructure.ControllerActionInvoker|Executing action method Assessment.Api.Controllers.BooksController.GetBooks (Api) - Validation state: Valid 
2023-01-24 20:40:58.0576||WARN|Microsoft.EntityFrameworkCore.Model.Validation|Sensitive data logging is enabled. Log entries and exception messages may include sensitive application data; this mode should only be enabled during development. 
2023-01-24 20:41:00.8596||ERROR|Microsoft.EntityFrameworkCore.Query|An exception occurred while iterating over the results of a query for context type 'Assessment.Infrastructure.ApplicationDbContext'.
System.Data.SqlTypes.SqlNullValueException: Data is Null. This method or property cannot be called on Null values.
   at Microsoft.Data.SqlClient.SqlBuffer.ThrowIfNull()
   at Microsoft.Data.SqlClient.SqlBuffer.get_String()
   at Microsoft.Data.SqlClient.SqlDataReader.GetString(Int32 i)
   at lambda_method418(Closure , QueryContext , DbDataReader , ResultContext , SingleQueryResultCoordinator )
   at Microsoft.EntityFrameworkCore.Query.Internal.SingleQueryingEnumerable`1.AsyncEnumerator.MoveNextAsync() System.Data.SqlTypes.SqlNullValueException: Data is Null. This method or property cannot be called on Null values.
   at Microsoft.Data.SqlClient.SqlBuffer.ThrowIfNull()
   at Microsoft.Data.SqlClient.SqlBuffer.get_String()
   at Microsoft.Data.SqlClient.SqlDataReader.GetString(Int32 i)
   at lambda_method418(Closure , QueryContext , DbDataReader , ResultContext , SingleQueryResultCoordinator )
   at Microsoft.EntityFrameworkCore.Query.Internal.SingleQueryingEnumerable`1.AsyncEnumerator.MoveNextAsync()
2023-01-24 20:41:01.5556||INFO|Microsoft.AspNetCore.Mvc.Infrastructure.ControllerActionInvoker|Executed action Assessment.Api.Controllers.BooksController.GetBooks (Api) in 11440.8859ms 
2023-01-24 20:41:01.5556||INFO|Microsoft.AspNetCore.Routing.EndpointMiddleware|Executed endpoint 'Assessment.Api.Controllers.BooksController.GetBooks (Api)' 
2023-01-24 20:41:01.5738||ERROR|Microsoft.AspNetCore.Diagnostics.DeveloperExceptionPageMiddleware|An unhandled exception has occurred while executing the request. System.Data.SqlTypes.SqlNullValueException: Data is Null. This method or property cannot be called on Null values.
   at Microsoft.Data.SqlClient.SqlBuffer.ThrowIfNull()
   at Microsoft.Data.SqlClient.SqlBuffer.get_String()
   at Microsoft.Data.SqlClient.SqlDataReader.GetString(Int32 i)
   at lambda_method418(Closure , QueryContext , DbDataReader , ResultContext , SingleQueryResultCoordinator )
   at Microsoft.EntityFrameworkCore.Query.Internal.SingleQueryingEnumerable`1.AsyncEnumerator.MoveNextAsync()
   at Microsoft.EntityFrameworkCore.EntityFrameworkQueryableExtensions.ToListAsync[TSource](IQueryable`1 source, CancellationToken cancellationToken)
   at Microsoft.EntityFrameworkCore.EntityFrameworkQueryableExtensions.ToListAsync[TSource](IQueryable`1 source, CancellationToken cancellationToken)
   at Assessment.Application.Queries.GetBooksQuery.CommandHandler.Handle(Command request, CancellationToken cancellationToken) in C:\Code\Assessment\src\Application\Queries\GetBooksQuery.cs:line 30
   at MediatR.Pipeline.RequestExceptionProcessorBehavior`2.Handle(TRequest request, RequestHandlerDelegate`1 next, CancellationToken cancellationToken)
   at MediatR.Pipeline.RequestExceptionProcessorBehavior`2.Handle(TRequest request, RequestHandlerDelegate`1 next, CancellationToken cancellationToken)
   at MediatR.Pipeline.RequestExceptionActionProcessorBehavior`2.Handle(TRequest request, RequestHandlerDelegate`1 next, CancellationToken cancellationToken)
   at MediatR.Pipeline.RequestExceptionActionProcessorBehavior`2.Handle(TRequest request, RequestHandlerDelegate`1 next, CancellationToken cancellationToken)
   at MediatR.Pipeline.RequestPostProcessorBehavior`2.Handle(TRequest request, RequestHandlerDelegate`1 next, CancellationToken cancellationToken)
   at MediatR.Pipeline.RequestPreProcessorBehavior`2.Handle(TRequest request, RequestHandlerDelegate`1 next, CancellationToken cancellationToken)
   at Assessment.Application.Book.GetBooks.CommandHandler.Handle(Command request, CancellationToken cancellationToken) in C:\Code\Assessment\src\Application\Book\GetBooks.cs:line 32
   at MediatR.Pipeline.RequestExceptionProcessorBehavior`2.Handle(TRequest request, RequestHandlerDelegate`1 next, CancellationToken cancellationToken)
   at MediatR.Pipeline.RequestExceptionProcessorBehavior`2.Handle(TRequest request, RequestHandlerDelegate`1 next, CancellationToken cancellationToken)
   at MediatR.Pipeline.RequestExceptionActionProcessorBehavior`2.Handle(TRequest request, RequestHandlerDelegate`1 next, CancellationToken cancellationToken)
   at MediatR.Pipeline.RequestExceptionActionProcessorBehavior`2.Handle(TRequest request, RequestHandlerDelegate`1 next, CancellationToken cancellationToken)
   at MediatR.Pipeline.RequestPostProcessorBehavior`2.Handle(TRequest request, RequestHandlerDelegate`1 next, CancellationToken cancellationToken)
   at MediatR.Pipeline.RequestPreProcessorBehavior`2.Handle(TRequest request, RequestHandlerDelegate`1 next, CancellationToken cancellationToken)
   at Assessment.Api.Controllers.BooksController.GetBooks(String sortBy, Boolean useSp) in C:\Code\Assessment\src\Api\Controllers\BooksController.cs:line 17
   at lambda_method397(Closure , Object )
   at Microsoft.AspNetCore.Mvc.Infrastructure.ActionMethodExecutor.AwaitableObjectResultExecutor.Execute(IActionResultTypeMapper mapper, ObjectMethodExecutor executor, Object controller, Object[] arguments)
   at Microsoft.AspNetCore.Mvc.Infrastructure.ControllerActionInvoker.<InvokeActionMethodAsync>g__Logged|12_1(ControllerActionInvoker invoker)
   at Microsoft.AspNetCore.Mvc.Infrastructure.ControllerActionInvoker.<InvokeNextActionFilterAsync>g__Awaited|10_0(ControllerActionInvoker invoker, Task lastTask, State next, Scope scope, Object state, Boolean isCompleted)
   at Microsoft.AspNetCore.Mvc.Infrastructure.ControllerActionInvoker.Rethrow(ActionExecutedContextSealed context)
   at Microsoft.AspNetCore.Mvc.Infrastructure.ControllerActionInvoker.Next(State& next, Scope& scope, Object& state, Boolean& isCompleted)
   at Microsoft.AspNetCore.Mvc.Infrastructure.ControllerActionInvoker.<InvokeInnerFilterAsync>g__Awaited|13_0(ControllerActionInvoker invoker, Task lastTask, State next, Scope scope, Object state, Boolean isCompleted)
   at Microsoft.AspNetCore.Mvc.Infrastructure.ResourceInvoker.<InvokeNextResourceFilter>g__Awaited|25_0(ResourceInvoker invoker, Task lastTask, State next, Scope scope, Object state, Boolean isCompleted)
   at Microsoft.AspNetCore.Mvc.Infrastructure.ResourceInvoker.Rethrow(ResourceExecutedContextSealed context)
   at Microsoft.AspNetCore.Mvc.Infrastructure.ResourceInvoker.Next(State& next, Scope& scope, Object& state, Boolean& isCompleted)
   at Microsoft.AspNetCore.Mvc.Infrastructure.ResourceInvoker.<InvokeFilterPipelineAsync>g__Awaited|20_0(ResourceInvoker invoker, Task lastTask, State next, Scope scope, Object state, Boolean isCompleted)
   at Microsoft.AspNetCore.Mvc.Infrastructure.ResourceInvoker.<InvokeAsync>g__Logged|17_1(ResourceInvoker invoker)
   at Microsoft.AspNetCore.Mvc.Infrastructure.ResourceInvoker.<InvokeAsync>g__Logged|17_1(ResourceInvoker invoker)
   at Microsoft.AspNetCore.Routing.EndpointMiddleware.<Invoke>g__AwaitRequestTask|6_0(Endpoint endpoint, Task requestTask, ILogger logger)
   at Microsoft.AspNetCore.Authorization.AuthorizationMiddleware.Invoke(HttpContext context)
   at Microsoft.AspNetCore.ResponseCaching.ResponseCachingMiddleware.Invoke(HttpContext httpContext)
   at NSwag.AspNetCore.Middlewares.SwaggerUiIndexMiddleware.Invoke(HttpContext context)
   at NSwag.AspNetCore.Middlewares.RedirectToIndexMiddleware.Invoke(HttpContext context)
   at NSwag.AspNetCore.Middlewares.OpenApiDocumentMiddleware.Invoke(HttpContext context)
   at Microsoft.AspNetCore.Diagnostics.DeveloperExceptionPageMiddleware.Invoke(HttpContext context)
2023-01-24 20:41:01.7076||INFO|Microsoft.AspNetCore.Hosting.Diagnostics|Request finished HTTP/1.1 GET https://localhost:7053/api/Books?SortBy=Author&UseSp=false - - - 500 - text/plain;+charset=utf-8 11657.8565ms 
2023-01-24 20:41:09.2173||INFO|Microsoft.AspNetCore.Hosting.Diagnostics|Request starting HTTP/1.1 GET https://localhost:7053/api/Books/price - - 
2023-01-24 20:41:09.2173||INFO|Microsoft.AspNetCore.Routing.EndpointMiddleware|Executing endpoint 'Assessment.Api.Controllers.BooksController.GetBooksPrice (Api)' 
2023-01-24 20:41:09.2265||INFO|Microsoft.AspNetCore.Mvc.Infrastructure.ControllerActionInvoker|Route matched with {action = "GetBooksPrice", controller = "Books"}. Executing controller action with signature System.Threading.Tasks.Task`1[Microsoft.AspNetCore.Mvc.ActionResult`1[Assessment.Application.Common.Models.GetBooksResponse]] GetBooksPrice() on controller Assessment.Api.Controllers.BooksController (Api). 
2023-01-24 20:41:09.2761||INFO|Microsoft.AspNetCore.Mvc.Infrastructure.ControllerActionInvoker|Executing action method Assessment.Api.Controllers.BooksController.GetBooksPrice (Api) - Validation state: Valid 
2023-01-24 20:41:11.9220||INFO|Microsoft.AspNetCore.Mvc.Infrastructure.ControllerActionInvoker|Executed action method Assessment.Api.Controllers.BooksController.GetBooksPrice (Api), returned result Microsoft.AspNetCore.Mvc.AcceptedResult in 2642.591ms. 
2023-01-24 20:41:11.9306||INFO|Microsoft.AspNetCore.Mvc.Infrastructure.ObjectResultExecutor|Executing AcceptedResult, writing value of type 'Assessment.Application.Common.Models.GetBooksPriceResponse'. 
2023-01-24 20:41:12.3392||INFO|Microsoft.AspNetCore.Mvc.Infrastructure.ControllerActionInvoker|Executed action Assessment.Api.Controllers.BooksController.GetBooksPrice (Api) in 3112.6095ms 
2023-01-24 20:41:12.3392||INFO|Microsoft.AspNetCore.Routing.EndpointMiddleware|Executed endpoint 'Assessment.Api.Controllers.BooksController.GetBooksPrice (Api)' 
2023-01-24 20:41:12.3392||INFO|Microsoft.AspNetCore.ResponseCaching.ResponseCachingMiddleware|The response could not be cached for this request. 
2023-01-24 20:41:12.3392||INFO|Microsoft.AspNetCore.Hosting.Diagnostics|Request finished HTTP/1.1 GET https://localhost:7053/api/Books/price - - - 202 20 application/json;+charset=utf-8 3122.9680ms 
2023-01-24 20:41:23.3303||INFO|Microsoft.Hosting.Lifetime|Application is shutting down... 
